{"/Users/dchege711/study_buddy/tests/mocha_tests/unit_tests/TestCardsMongoDB.js":{"path":"/Users/dchege711/study_buddy/tests/mocha_tests/unit_tests/TestCardsMongoDB.js","statementMap":{"0":{"start":{"line":3,"column":21},"end":{"line":3,"column":65}},"1":{"start":{"line":4,"column":16},"end":{"line":4,"column":58}},"2":{"start":{"line":5,"column":13},"end":{"line":5,"column":69}},"3":{"start":{"line":6,"column":20},"end":{"line":6,"column":51}},"4":{"start":{"line":7,"column":21},"end":{"line":7,"column":58}},"5":{"start":{"line":11,"column":0},"end":{"line":127,"column":3}},"6":{"start":{"line":14,"column":4},"end":{"line":21,"column":7}},"7":{"start":{"line":15,"column":8},"end":{"line":20,"column":49}},"8":{"start":{"line":18,"column":16},"end":{"line":18,"column":40}},"9":{"start":{"line":18,"column":41},"end":{"line":18,"column":48}},"10":{"start":{"line":20,"column":35},"end":{"line":20,"column":45}},"11":{"start":{"line":23,"column":4},"end":{"line":28,"column":7}},"12":{"start":{"line":24,"column":8},"end":{"line":27,"column":50}},"13":{"start":{"line":26,"column":31},"end":{"line":26,"column":38}},"14":{"start":{"line":27,"column":36},"end":{"line":27,"column":46}},"15":{"start":{"line":30,"column":4},"end":{"line":125,"column":7}},"16":{"start":{"line":32,"column":8},"end":{"line":45,"column":11}},"17":{"start":{"line":33,"column":23},"end":{"line":33,"column":55}},"18":{"start":{"line":34,"column":12},"end":{"line":34,"column":53}},"19":{"start":{"line":35,"column":12},"end":{"line":44,"column":53}},"20":{"start":{"line":38,"column":20},"end":{"line":42,"column":21}},"21":{"start":{"line":39,"column":24},"end":{"line":39,"column":31}},"22":{"start":{"line":41,"column":24},"end":{"line":41,"column":62}},"23":{"start":{"line":44,"column":39},"end":{"line":44,"column":49}},"24":{"start":{"line":47,"column":8},"end":{"line":76,"column":11}},"25":{"start":{"line":48,"column":26},"end":{"line":48,"column":37}},"26":{"start":{"line":50,"column":12},"end":{"line":74,"column":19}},"27":{"start":{"line":53,"column":32},"end":{"line":53,"column":47}},"28":{"start":{"line":54,"column":20},"end":{"line":56,"column":21}},"29":{"start":{"line":55,"column":24},"end":{"line":55,"column":50}},"30":{"start":{"line":57,"column":20},"end":{"line":57,"column":82}},"31":{"start":{"line":60,"column":20},"end":{"line":65,"column":21}},"32":{"start":{"line":61,"column":24},"end":{"line":64,"column":25}},"33":{"start":{"line":62,"column":28},"end":{"line":62,"column":91}},"34":{"start":{"line":63,"column":28},"end":{"line":63,"column":59}},"35":{"start":{"line":66,"column":20},"end":{"line":70,"column":21}},"36":{"start":{"line":67,"column":24},"end":{"line":67,"column":103}},"37":{"start":{"line":69,"column":24},"end":{"line":69,"column":31}},"38":{"start":{"line":73,"column":20},"end":{"line":73,"column":51}},"39":{"start":{"line":73,"column":41},"end":{"line":73,"column":51}},"40":{"start":{"line":78,"column":8},"end":{"line":88,"column":11}},"41":{"start":{"line":79,"column":23},"end":{"line":79,"column":55}},"42":{"start":{"line":80,"column":12},"end":{"line":80,"column":53}},"43":{"start":{"line":81,"column":12},"end":{"line":87,"column":53}},"44":{"start":{"line":84,"column":20},"end":{"line":85,"column":59}},"45":{"start":{"line":84,"column":43},"end":{"line":84,"column":50}},"46":{"start":{"line":85,"column":25},"end":{"line":85,"column":59}},"47":{"start":{"line":87,"column":39},"end":{"line":87,"column":49}},"48":{"start":{"line":90,"column":8},"end":{"line":123,"column":11}},"49":{"start":{"line":91,"column":30},"end":{"line":91,"column":32}},"50":{"start":{"line":92,"column":12},"end":{"line":122,"column":19}},"51":{"start":{"line":95,"column":32},"end":{"line":95,"column":47}},"52":{"start":{"line":96,"column":20},"end":{"line":101,"column":21}},"53":{"start":{"line":97,"column":24},"end":{"line":97,"column":82}},"54":{"start":{"line":98,"column":24},"end":{"line":98,"column":55}},"55":{"start":{"line":100,"column":24},"end":{"line":100,"column":57}},"56":{"start":{"line":104,"column":20},"end":{"line":104,"column":60}},"57":{"start":{"line":105,"column":20},"end":{"line":105,"column":68}},"58":{"start":{"line":106,"column":20},"end":{"line":106,"column":80}},"59":{"start":{"line":107,"column":20},"end":{"line":107,"column":56}},"60":{"start":{"line":110,"column":36},"end":{"line":110,"column":51}},"61":{"start":{"line":111,"column":35},"end":{"line":111,"column":59}},"62":{"start":{"line":112,"column":20},"end":{"line":118,"column":21}},"63":{"start":{"line":113,"column":24},"end":{"line":113,"column":107}},"64":{"start":{"line":114,"column":27},"end":{"line":118,"column":21}},"65":{"start":{"line":115,"column":24},"end":{"line":115,"column":102}},"66":{"start":{"line":117,"column":24},"end":{"line":117,"column":31}},"67":{"start":{"line":121,"column":20},"end":{"line":121,"column":51}},"68":{"start":{"line":121,"column":41},"end":{"line":121,"column":51}}},"fnMap":{"0":{"name":"(anonymous_0)","decl":{"start":{"line":11,"column":53},"end":{"line":11,"column":54}},"loc":{"start":{"line":11,"column":64},"end":{"line":127,"column":1}},"line":11},"1":{"name":"(anonymous_1)","decl":{"start":{"line":14,"column":11},"end":{"line":14,"column":12}},"loc":{"start":{"line":14,"column":26},"end":{"line":21,"column":5}},"line":14},"2":{"name":"(anonymous_2)","decl":{"start":{"line":17,"column":18},"end":{"line":17,"column":19}},"loc":{"start":{"line":17,"column":40},"end":{"line":19,"column":13}},"line":17},"3":{"name":"(anonymous_3)","decl":{"start":{"line":20,"column":19},"end":{"line":20,"column":20}},"loc":{"start":{"line":20,"column":33},"end":{"line":20,"column":47}},"line":20},"4":{"name":"(anonymous_4)","decl":{"start":{"line":23,"column":10},"end":{"line":23,"column":11}},"loc":{"start":{"line":23,"column":25},"end":{"line":28,"column":5}},"line":23},"5":{"name":"(anonymous_5)","decl":{"start":{"line":26,"column":18},"end":{"line":26,"column":19}},"loc":{"start":{"line":26,"column":29},"end":{"line":26,"column":40}},"line":26},"6":{"name":"(anonymous_6)","decl":{"start":{"line":27,"column":19},"end":{"line":27,"column":20}},"loc":{"start":{"line":27,"column":34},"end":{"line":27,"column":48}},"line":27},"7":{"name":"(anonymous_7)","decl":{"start":{"line":30,"column":39},"end":{"line":30,"column":40}},"loc":{"start":{"line":30,"column":50},"end":{"line":125,"column":5}},"line":30},"8":{"name":"(anonymous_8)","decl":{"start":{"line":32,"column":63},"end":{"line":32,"column":64}},"loc":{"start":{"line":32,"column":78},"end":{"line":45,"column":9}},"line":32},"9":{"name":"(anonymous_9)","decl":{"start":{"line":37,"column":22},"end":{"line":37,"column":23}},"loc":{"start":{"line":37,"column":45},"end":{"line":43,"column":17}},"line":37},"10":{"name":"(anonymous_10)","decl":{"start":{"line":44,"column":23},"end":{"line":44,"column":24}},"loc":{"start":{"line":44,"column":37},"end":{"line":44,"column":51}},"line":44},"11":{"name":"(anonymous_11)","decl":{"start":{"line":47,"column":58},"end":{"line":47,"column":59}},"loc":{"start":{"line":47,"column":73},"end":{"line":76,"column":9}},"line":47},"12":{"name":"(anonymous_12)","decl":{"start":{"line":52,"column":22},"end":{"line":52,"column":23}},"loc":{"start":{"line":52,"column":40},"end":{"line":58,"column":17}},"line":52},"13":{"name":"(anonymous_13)","decl":{"start":{"line":59,"column":22},"end":{"line":59,"column":23}},"loc":{"start":{"line":59,"column":38},"end":{"line":71,"column":17}},"line":59},"14":{"name":"(anonymous_14)","decl":{"start":{"line":72,"column":23},"end":{"line":72,"column":24}},"loc":{"start":{"line":72,"column":37},"end":{"line":74,"column":17}},"line":72},"15":{"name":"(anonymous_15)","decl":{"start":{"line":78,"column":61},"end":{"line":78,"column":62}},"loc":{"start":{"line":78,"column":76},"end":{"line":88,"column":9}},"line":78},"16":{"name":"(anonymous_16)","decl":{"start":{"line":83,"column":22},"end":{"line":83,"column":23}},"loc":{"start":{"line":83,"column":41},"end":{"line":86,"column":17}},"line":83},"17":{"name":"(anonymous_17)","decl":{"start":{"line":87,"column":23},"end":{"line":87,"column":24}},"loc":{"start":{"line":87,"column":37},"end":{"line":87,"column":51}},"line":87},"18":{"name":"(anonymous_18)","decl":{"start":{"line":90,"column":70},"end":{"line":90,"column":71}},"loc":{"start":{"line":90,"column":85},"end":{"line":123,"column":9}},"line":90},"19":{"name":"(anonymous_19)","decl":{"start":{"line":94,"column":22},"end":{"line":94,"column":23}},"loc":{"start":{"line":94,"column":40},"end":{"line":102,"column":17}},"line":94},"20":{"name":"(anonymous_20)","decl":{"start":{"line":103,"column":22},"end":{"line":103,"column":23}},"loc":{"start":{"line":103,"column":45},"end":{"line":108,"column":17}},"line":103},"21":{"name":"(anonymous_21)","decl":{"start":{"line":109,"column":22},"end":{"line":109,"column":23}},"loc":{"start":{"line":109,"column":40},"end":{"line":119,"column":17}},"line":109},"22":{"name":"(anonymous_22)","decl":{"start":{"line":120,"column":23},"end":{"line":120,"column":24}},"loc":{"start":{"line":120,"column":37},"end":{"line":122,"column":17}},"line":120}},"branchMap":{"0":{"loc":{"start":{"line":38,"column":20},"end":{"line":42,"column":21}},"type":"if","locations":[{"start":{"line":38,"column":20},"end":{"line":42,"column":21}},{"start":{"line":38,"column":20},"end":{"line":42,"column":21}}],"line":38},"1":{"loc":{"start":{"line":61,"column":24},"end":{"line":64,"column":25}},"type":"if","locations":[{"start":{"line":61,"column":24},"end":{"line":64,"column":25}},{"start":{"line":61,"column":24},"end":{"line":64,"column":25}}],"line":61},"2":{"loc":{"start":{"line":66,"column":20},"end":{"line":70,"column":21}},"type":"if","locations":[{"start":{"line":66,"column":20},"end":{"line":70,"column":21}},{"start":{"line":66,"column":20},"end":{"line":70,"column":21}}],"line":66},"3":{"loc":{"start":{"line":73,"column":20},"end":{"line":73,"column":51}},"type":"if","locations":[{"start":{"line":73,"column":20},"end":{"line":73,"column":51}},{"start":{"line":73,"column":20},"end":{"line":73,"column":51}}],"line":73},"4":{"loc":{"start":{"line":84,"column":20},"end":{"line":85,"column":59}},"type":"if","locations":[{"start":{"line":84,"column":20},"end":{"line":85,"column":59}},{"start":{"line":84,"column":20},"end":{"line":85,"column":59}}],"line":84},"5":{"loc":{"start":{"line":96,"column":20},"end":{"line":101,"column":21}},"type":"if","locations":[{"start":{"line":96,"column":20},"end":{"line":101,"column":21}},{"start":{"line":96,"column":20},"end":{"line":101,"column":21}}],"line":96},"6":{"loc":{"start":{"line":112,"column":20},"end":{"line":118,"column":21}},"type":"if","locations":[{"start":{"line":112,"column":20},"end":{"line":118,"column":21}},{"start":{"line":112,"column":20},"end":{"line":118,"column":21}}],"line":112},"7":{"loc":{"start":{"line":114,"column":27},"end":{"line":118,"column":21}},"type":"if","locations":[{"start":{"line":114,"column":27},"end":{"line":118,"column":21}},{"start":{"line":114,"column":27},"end":{"line":118,"column":21}}],"line":114},"8":{"loc":{"start":{"line":121,"column":20},"end":{"line":121,"column":51}},"type":"if","locations":[{"start":{"line":121,"column":20},"end":{"line":121,"column":51}},{"start":{"line":121,"column":20},"end":{"line":121,"column":51}}],"line":121}},"s":{"0":1,"1":1,"2":1,"3":1,"4":1,"5":1,"6":1,"7":1,"8":1,"9":1,"10":0,"11":1,"12":1,"13":1,"14":0,"15":1,"16":1,"17":1,"18":1,"19":1,"20":1,"21":1,"22":0,"23":0,"24":1,"25":1,"26":1,"27":1,"28":1,"29":1,"30":1,"31":1,"32":1,"33":1,"34":1,"35":0,"36":0,"37":0,"38":1,"39":0,"40":1,"41":1,"42":1,"43":1,"44":1,"45":1,"46":0,"47":0,"48":1,"49":1,"50":1,"51":1,"52":1,"53":0,"54":0,"55":1,"56":1,"57":1,"58":1,"59":1,"60":1,"61":1,"62":1,"63":0,"64":0,"65":0,"66":0,"67":1,"68":1},"f":{"0":1,"1":1,"2":1,"3":0,"4":1,"5":1,"6":0,"7":1,"8":1,"9":1,"10":0,"11":1,"12":1,"13":1,"14":1,"15":1,"16":1,"17":0,"18":1,"19":1,"20":1,"21":1,"22":1},"b":{"0":[1,0],"1":[1,0],"2":[0,0],"3":[0,1],"4":[1,0],"5":[0,1],"6":[0,0],"7":[0,0],"8":[1,0]},"_coverageSchema":"43e27e138ebf9cfc5966b082cf9a028302ed4184","hash":"da04ef4918582a65d5738f90f6808f0c46e3560e","contentHash":"02f979ef8db5224ff27058d2347ecc80"},"/Users/dchege711/study_buddy/models/MongooseClient.js":{"path":"/Users/dchege711/study_buddy/models/MongooseClient.js","statementMap":{"0":{"start":{"line":7,"column":15},"end":{"line":7,"column":34}},"1":{"start":{"line":8,"column":13},"end":{"line":8,"column":33}},"2":{"start":{"line":11,"column":0},"end":{"line":11,"column":74}},"3":{"start":{"line":14,"column":0},"end":{"line":14,"column":34}},"4":{"start":{"line":17,"column":9},"end":{"line":17,"column":28}},"5":{"start":{"line":20,"column":0},"end":{"line":20,"column":65}},"6":{"start":{"line":40,"column":0},"end":{"line":42,"column":2}},"7":{"start":{"line":41,"column":4},"end":{"line":41,"column":33}},"8":{"start":{"line":44,"column":0},"end":{"line":48,"column":3}},"9":{"start":{"line":45,"column":4},"end":{"line":47,"column":66}},"10":{"start":{"line":46,"column":22},"end":{"line":46,"column":38}},"11":{"start":{"line":47,"column":26},"end":{"line":47,"column":45}},"12":{"start":{"line":47,"column":46},"end":{"line":47,"column":62}},"13":{"start":{"line":50,"column":0},"end":{"line":50,"column":32}}},"fnMap":{"0":{"name":"(anonymous_0)","decl":{"start":{"line":40,"column":34},"end":{"line":40,"column":35}},"loc":{"start":{"line":40,"column":53},"end":{"line":42,"column":1}},"line":40},"1":{"name":"(anonymous_1)","decl":{"start":{"line":44,"column":21},"end":{"line":44,"column":22}},"loc":{"start":{"line":44,"column":33},"end":{"line":48,"column":1}},"line":44},"2":{"name":"(anonymous_2)","decl":{"start":{"line":46,"column":14},"end":{"line":46,"column":15}},"loc":{"start":{"line":46,"column":20},"end":{"line":46,"column":40}},"line":46},"3":{"name":"(anonymous_3)","decl":{"start":{"line":47,"column":15},"end":{"line":47,"column":16}},"loc":{"start":{"line":47,"column":24},"end":{"line":47,"column":64}},"line":47}},"branchMap":{},"s":{"0":1,"1":1,"2":1,"3":1,"4":1,"5":1,"6":1,"7":2,"8":1,"9":1,"10":1,"11":0,"12":0,"13":1},"f":{"0":2,"1":1,"2":1,"3":0},"b":{},"_coverageSchema":"43e27e138ebf9cfc5966b082cf9a028302ed4184","hash":"673acdc7bfcde80a046a32e0df9d13cfc9d80412","contentHash":"86b83aa6a27bba145b58ddae7f81aecd"},"/Users/dchege711/study_buddy/config.js":{"path":"/Users/dchege711/study_buddy/config.js","statementMap":{"0":{"start":{"line":5,"column":0},"end":{"line":5,"column":40}},"1":{"start":{"line":6,"column":0},"end":{"line":6,"column":40}},"2":{"start":{"line":7,"column":0},"end":{"line":7,"column":40}},"3":{"start":{"line":9,"column":0},"end":{"line":17,"column":1}},"4":{"start":{"line":10,"column":4},"end":{"line":10,"column":63}},"5":{"start":{"line":11,"column":4},"end":{"line":11,"column":48}},"6":{"start":{"line":12,"column":7},"end":{"line":17,"column":1}},"7":{"start":{"line":13,"column":4},"end":{"line":13,"column":65}},"8":{"start":{"line":14,"column":4},"end":{"line":14,"column":58}},"9":{"start":{"line":16,"column":4},"end":{"line":16,"column":65}},"10":{"start":{"line":19,"column":0},"end":{"line":19,"column":70}},"11":{"start":{"line":20,"column":0},"end":{"line":20,"column":62}},"12":{"start":{"line":21,"column":0},"end":{"line":21,"column":68}},"13":{"start":{"line":23,"column":0},"end":{"line":23,"column":76}},"14":{"start":{"line":24,"column":0},"end":{"line":24,"column":49}},"15":{"start":{"line":25,"column":0},"end":{"line":25,"column":70}},"16":{"start":{"line":26,"column":0},"end":{"line":26,"column":42}}},"fnMap":{},"branchMap":{"0":{"loc":{"start":{"line":6,"column":15},"end":{"line":6,"column":39}},"type":"binary-expr","locations":[{"start":{"line":6,"column":15},"end":{"line":6,"column":31}},{"start":{"line":6,"column":35},"end":{"line":6,"column":39}}],"line":6},"1":{"loc":{"start":{"line":9,"column":0},"end":{"line":17,"column":1}},"type":"if","locations":[{"start":{"line":9,"column":0},"end":{"line":17,"column":1}},{"start":{"line":9,"column":0},"end":{"line":17,"column":1}}],"line":9},"2":{"loc":{"start":{"line":12,"column":7},"end":{"line":17,"column":1}},"type":"if","locations":[{"start":{"line":12,"column":7},"end":{"line":17,"column":1}},{"start":{"line":12,"column":7},"end":{"line":17,"column":1}}],"line":12}},"s":{"0":1,"1":1,"2":1,"3":1,"4":0,"5":0,"6":1,"7":1,"8":1,"9":0,"10":1,"11":1,"12":1,"13":1,"14":1,"15":1,"16":1},"f":{},"b":{"0":[1,1],"1":[0,1],"2":[1,0]},"_coverageSchema":"43e27e138ebf9cfc5966b082cf9a028302ed4184","hash":"3a0a08801f7723b9198905302dbdd8465d55289b","contentHash":"79021263509a97cb9aac0e902eaf8491"},"/Users/dchege711/study_buddy/models/CardsMongoDB.js":{"path":"/Users/dchege711/study_buddy/models/CardsMongoDB.js","statementMap":{"0":{"start":{"line":3,"column":13},"end":{"line":3,"column":55}},"1":{"start":{"line":4,"column":19},"end":{"line":4,"column":50}},"2":{"start":{"line":15,"column":0},"end":{"line":33,"column":2}},"3":{"start":{"line":16,"column":4},"end":{"line":32,"column":7}},"4":{"start":{"line":17,"column":29},"end":{"line":17,"column":31}},"5":{"start":{"line":18,"column":8},"end":{"line":31,"column":45}},"6":{"start":{"line":21,"column":16},"end":{"line":21,"column":53}},"7":{"start":{"line":22,"column":16},"end":{"line":22,"column":56}},"8":{"start":{"line":23,"column":16},"end":{"line":23,"column":54}},"9":{"start":{"line":26,"column":16},"end":{"line":28,"column":17}},"10":{"start":{"line":27,"column":20},"end":{"line":27,"column":68}},"11":{"start":{"line":29,"column":16},"end":{"line":29,"column":38}},"12":{"start":{"line":31,"column":30},"end":{"line":31,"column":42}},"13":{"start":{"line":45,"column":0},"end":{"line":58,"column":2}},"14":{"start":{"line":46,"column":16},"end":{"line":46,"column":50}},"15":{"start":{"line":47,"column":4},"end":{"line":47,"column":65}},"16":{"start":{"line":47,"column":38},"end":{"line":47,"column":65}},"17":{"start":{"line":48,"column":4},"end":{"line":57,"column":7}},"18":{"start":{"line":49,"column":8},"end":{"line":56,"column":46}},"19":{"start":{"line":52,"column":16},"end":{"line":54,"column":19}},"20":{"start":{"line":56,"column":30},"end":{"line":56,"column":42}},"21":{"start":{"line":70,"column":0},"end":{"line":111,"column":2}},"22":{"start":{"line":72,"column":22},"end":{"line":72,"column":24}},"23":{"start":{"line":73,"column":32},"end":{"line":76,"column":6}},"24":{"start":{"line":81,"column":4},"end":{"line":110,"column":7}},"25":{"start":{"line":82,"column":8},"end":{"line":109,"column":46}},"26":{"start":{"line":85,"column":16},"end":{"line":95,"column":17}},"27":{"start":{"line":86,"column":20},"end":{"line":86,"column":74}},"28":{"start":{"line":88,"column":20},"end":{"line":88,"column":65}},"29":{"start":{"line":89,"column":20},"end":{"line":93,"column":23}},"30":{"start":{"line":90,"column":24},"end":{"line":92,"column":25}},"31":{"start":{"line":91,"column":28},"end":{"line":91,"column":70}},"32":{"start":{"line":94,"column":20},"end":{"line":94,"column":47}},"33":{"start":{"line":98,"column":16},"end":{"line":104,"column":17}},"34":{"start":{"line":99,"column":20},"end":{"line":99,"column":70}},"35":{"start":{"line":100,"column":20},"end":{"line":100,"column":54}},"36":{"start":{"line":101,"column":20},"end":{"line":101,"column":58}},"37":{"start":{"line":103,"column":20},"end":{"line":103,"column":78}},"38":{"start":{"line":107,"column":16},"end":{"line":107,"column":86}},"39":{"start":{"line":109,"column":30},"end":{"line":109,"column":42}},"40":{"start":{"line":120,"column":0},"end":{"line":132,"column":2}},"41":{"start":{"line":121,"column":4},"end":{"line":131,"column":7}},"42":{"start":{"line":122,"column":8},"end":{"line":130,"column":46}},"43":{"start":{"line":125,"column":16},"end":{"line":125,"column":54}},"44":{"start":{"line":128,"column":16},"end":{"line":128,"column":38}},"45":{"start":{"line":130,"column":30},"end":{"line":130,"column":42}},"46":{"start":{"line":142,"column":0},"end":{"line":167,"column":2}},"47":{"start":{"line":149,"column":4},"end":{"line":153,"column":5}},"48":{"start":{"line":150,"column":8},"end":{"line":150,"column":61}},"49":{"start":{"line":152,"column":8},"end":{"line":152,"column":73}},"50":{"start":{"line":154,"column":22},"end":{"line":165,"column":5}},"51":{"start":{"line":166,"column":4},"end":{"line":166,"column":45}},"52":{"start":{"line":181,"column":16},"end":{"line":189,"column":1}},"53":{"start":{"line":182,"column":23},"end":{"line":182,"column":60}},"54":{"start":{"line":183,"column":4},"end":{"line":183,"column":40}},"55":{"start":{"line":183,"column":31},"end":{"line":183,"column":40}},"56":{"start":{"line":185,"column":4},"end":{"line":187,"column":5}},"57":{"start":{"line":186,"column":8},"end":{"line":186,"column":61}},"58":{"start":{"line":188,"column":4},"end":{"line":188,"column":13}},"59":{"start":{"line":198,"column":27},"end":{"line":211,"column":1}},"60":{"start":{"line":199,"column":4},"end":{"line":210,"column":7}},"61":{"start":{"line":200,"column":8},"end":{"line":209,"column":46}},"62":{"start":{"line":207,"column":16},"end":{"line":207,"column":70}},"63":{"start":{"line":209,"column":30},"end":{"line":209,"column":42}},"64":{"start":{"line":224,"column":0},"end":{"line":243,"column":1}},"65":{"start":{"line":225,"column":26},"end":{"line":225,"column":44}},"66":{"start":{"line":226,"column":4},"end":{"line":228,"column":5}},"67":{"start":{"line":227,"column":8},"end":{"line":227,"column":60}},"68":{"start":{"line":229,"column":4},"end":{"line":231,"column":5}},"69":{"start":{"line":230,"column":8},"end":{"line":230,"column":53}},"70":{"start":{"line":232,"column":4},"end":{"line":234,"column":5}},"71":{"start":{"line":233,"column":8},"end":{"line":233,"column":85}},"72":{"start":{"line":236,"column":22},"end":{"line":241,"column":5}},"73":{"start":{"line":242,"column":4},"end":{"line":242,"column":45}},"74":{"start":{"line":252,"column":0},"end":{"line":268,"column":1}},"75":{"start":{"line":253,"column":4},"end":{"line":267,"column":7}},"76":{"start":{"line":254,"column":8},"end":{"line":265,"column":9}},"77":{"start":{"line":255,"column":12},"end":{"line":255,"column":26}},"78":{"start":{"line":257,"column":12},"end":{"line":264,"column":50}},"79":{"start":{"line":260,"column":20},"end":{"line":262,"column":23}},"80":{"start":{"line":264,"column":34},"end":{"line":264,"column":46}},"81":{"start":{"line":281,"column":0},"end":{"line":305,"column":2}},"82":{"start":{"line":283,"column":4},"end":{"line":303,"column":7}},"83":{"start":{"line":284,"column":26},"end":{"line":284,"column":65}},"84":{"start":{"line":285,"column":8},"end":{"line":302,"column":65}},"85":{"start":{"line":288,"column":16},"end":{"line":288,"column":78}},"86":{"start":{"line":289,"column":16},"end":{"line":289,"column":46}},"87":{"start":{"line":292,"column":16},"end":{"line":299,"column":19}},"88":{"start":{"line":301,"column":38},"end":{"line":301,"column":60}},"89":{"start":{"line":302,"column":30},"end":{"line":302,"column":49}},"90":{"start":{"line":302,"column":50},"end":{"line":302,"column":62}},"91":{"start":{"line":317,"column":0},"end":{"line":334,"column":1}},"92":{"start":{"line":318,"column":24},"end":{"line":318,"column":26}},"93":{"start":{"line":319,"column":4},"end":{"line":319,"column":75}},"94":{"start":{"line":319,"column":33},"end":{"line":319,"column":75}},"95":{"start":{"line":320,"column":4},"end":{"line":320,"column":79}},"96":{"start":{"line":320,"column":35},"end":{"line":320,"column":79}},"97":{"start":{"line":321,"column":4},"end":{"line":333,"column":7}},"98":{"start":{"line":322,"column":8},"end":{"line":332,"column":15}},"99":{"start":{"line":326,"column":16},"end":{"line":328,"column":19}},"100":{"start":{"line":331,"column":16},"end":{"line":331,"column":28}},"101":{"start":{"line":345,"column":31},"end":{"line":360,"column":1}},"102":{"start":{"line":346,"column":17},"end":{"line":346,"column":39}},"103":{"start":{"line":347,"column":4},"end":{"line":356,"column":7}},"104":{"start":{"line":348,"column":26},"end":{"line":348,"column":30}},"105":{"start":{"line":349,"column":8},"end":{"line":349,"column":62}},"106":{"start":{"line":351,"column":8},"end":{"line":354,"column":11}},"107":{"start":{"line":352,"column":12},"end":{"line":353,"column":72}},"108":{"start":{"line":352,"column":21},"end":{"line":352,"column":38}},"109":{"start":{"line":353,"column":17},"end":{"line":353,"column":72}},"110":{"start":{"line":357,"column":4},"end":{"line":359,"column":7}},"111":{"start":{"line":358,"column":8},"end":{"line":358,"column":57}},"112":{"start":{"line":358,"column":19},"end":{"line":358,"column":57}},"113":{"start":{"line":362,"column":0},"end":{"line":366,"column":1}},"114":{"start":{"line":364,"column":4},"end":{"line":364,"column":82}},"115":{"start":{"line":365,"column":4},"end":{"line":365,"column":60}}},"fnMap":{"0":{"name":"(anonymous_0)","decl":{"start":{"line":15,"column":17},"end":{"line":15,"column":18}},"loc":{"start":{"line":15,"column":35},"end":{"line":33,"column":1}},"line":15},"1":{"name":"(anonymous_1)","decl":{"start":{"line":16,"column":23},"end":{"line":16,"column":24}},"loc":{"start":{"line":16,"column":49},"end":{"line":32,"column":5}},"line":16},"2":{"name":"(anonymous_2)","decl":{"start":{"line":20,"column":18},"end":{"line":20,"column":19}},"loc":{"start":{"line":20,"column":33},"end":{"line":24,"column":13}},"line":20},"3":{"name":"(anonymous_3)","decl":{"start":{"line":25,"column":18},"end":{"line":25,"column":19}},"loc":{"start":{"line":25,"column":36},"end":{"line":30,"column":13}},"line":25},"4":{"name":"(anonymous_4)","decl":{"start":{"line":31,"column":19},"end":{"line":31,"column":20}},"loc":{"start":{"line":31,"column":28},"end":{"line":31,"column":44}},"line":31},"5":{"name":"(anonymous_5)","decl":{"start":{"line":45,"column":15},"end":{"line":45,"column":16}},"loc":{"start":{"line":45,"column":33},"end":{"line":58,"column":1}},"line":45},"6":{"name":"(anonymous_6)","decl":{"start":{"line":48,"column":23},"end":{"line":48,"column":24}},"loc":{"start":{"line":48,"column":49},"end":{"line":57,"column":5}},"line":48},"7":{"name":"(anonymous_7)","decl":{"start":{"line":51,"column":18},"end":{"line":51,"column":19}},"loc":{"start":{"line":51,"column":29},"end":{"line":55,"column":13}},"line":51},"8":{"name":"(anonymous_8)","decl":{"start":{"line":56,"column":19},"end":{"line":56,"column":20}},"loc":{"start":{"line":56,"column":28},"end":{"line":56,"column":44}},"line":56},"9":{"name":"(anonymous_9)","decl":{"start":{"line":70,"column":17},"end":{"line":70,"column":18}},"loc":{"start":{"line":70,"column":36},"end":{"line":111,"column":1}},"line":70},"10":{"name":"(anonymous_10)","decl":{"start":{"line":81,"column":23},"end":{"line":81,"column":24}},"loc":{"start":{"line":81,"column":49},"end":{"line":110,"column":5}},"line":81},"11":{"name":"(anonymous_11)","decl":{"start":{"line":84,"column":18},"end":{"line":84,"column":19}},"loc":{"start":{"line":84,"column":36},"end":{"line":96,"column":13}},"line":84},"12":{"name":"(anonymous_12)","decl":{"start":{"line":89,"column":50},"end":{"line":89,"column":51}},"loc":{"start":{"line":89,"column":61},"end":{"line":93,"column":21}},"line":89},"13":{"name":"(anonymous_13)","decl":{"start":{"line":97,"column":18},"end":{"line":97,"column":19}},"loc":{"start":{"line":97,"column":33},"end":{"line":105,"column":13}},"line":97},"14":{"name":"(anonymous_14)","decl":{"start":{"line":106,"column":18},"end":{"line":106,"column":19}},"loc":{"start":{"line":106,"column":25},"end":{"line":108,"column":13}},"line":106},"15":{"name":"(anonymous_15)","decl":{"start":{"line":109,"column":19},"end":{"line":109,"column":20}},"loc":{"start":{"line":109,"column":28},"end":{"line":109,"column":44}},"line":109},"16":{"name":"(anonymous_16)","decl":{"start":{"line":120,"column":17},"end":{"line":120,"column":18}},"loc":{"start":{"line":120,"column":35},"end":{"line":132,"column":1}},"line":120},"17":{"name":"(anonymous_17)","decl":{"start":{"line":121,"column":23},"end":{"line":121,"column":24}},"loc":{"start":{"line":121,"column":49},"end":{"line":131,"column":5}},"line":121},"18":{"name":"(anonymous_18)","decl":{"start":{"line":124,"column":18},"end":{"line":124,"column":19}},"loc":{"start":{"line":124,"column":35},"end":{"line":126,"column":13}},"line":124},"19":{"name":"(anonymous_19)","decl":{"start":{"line":127,"column":18},"end":{"line":127,"column":19}},"loc":{"start":{"line":127,"column":36},"end":{"line":129,"column":13}},"line":127},"20":{"name":"(anonymous_20)","decl":{"start":{"line":130,"column":19},"end":{"line":130,"column":20}},"loc":{"start":{"line":130,"column":28},"end":{"line":130,"column":44}},"line":130},"21":{"name":"(anonymous_21)","decl":{"start":{"line":142,"column":17},"end":{"line":142,"column":18}},"loc":{"start":{"line":142,"column":35},"end":{"line":167,"column":1}},"line":142},"22":{"name":"(anonymous_22)","decl":{"start":{"line":181,"column":16},"end":{"line":181,"column":17}},"loc":{"start":{"line":181,"column":28},"end":{"line":189,"column":1}},"line":181},"23":{"name":"(anonymous_23)","decl":{"start":{"line":198,"column":27},"end":{"line":198,"column":28}},"loc":{"start":{"line":198,"column":49},"end":{"line":211,"column":1}},"line":198},"24":{"name":"(anonymous_24)","decl":{"start":{"line":199,"column":23},"end":{"line":199,"column":24}},"loc":{"start":{"line":199,"column":49},"end":{"line":210,"column":5}},"line":199},"25":{"name":"(anonymous_25)","decl":{"start":{"line":206,"column":18},"end":{"line":206,"column":19}},"loc":{"start":{"line":206,"column":29},"end":{"line":208,"column":13}},"line":206},"26":{"name":"(anonymous_26)","decl":{"start":{"line":209,"column":19},"end":{"line":209,"column":20}},"loc":{"start":{"line":209,"column":28},"end":{"line":209,"column":44}},"line":209},"27":{"name":"(anonymous_27)","decl":{"start":{"line":224,"column":23},"end":{"line":224,"column":24}},"loc":{"start":{"line":224,"column":41},"end":{"line":243,"column":1}},"line":224},"28":{"name":"(anonymous_28)","decl":{"start":{"line":252,"column":25},"end":{"line":252,"column":26}},"loc":{"start":{"line":252,"column":43},"end":{"line":268,"column":1}},"line":252},"29":{"name":"(anonymous_29)","decl":{"start":{"line":253,"column":23},"end":{"line":253,"column":24}},"loc":{"start":{"line":253,"column":49},"end":{"line":267,"column":5}},"line":253},"30":{"name":"(anonymous_30)","decl":{"start":{"line":259,"column":22},"end":{"line":259,"column":23}},"loc":{"start":{"line":259,"column":40},"end":{"line":263,"column":17}},"line":259},"31":{"name":"(anonymous_31)","decl":{"start":{"line":264,"column":23},"end":{"line":264,"column":24}},"loc":{"start":{"line":264,"column":32},"end":{"line":264,"column":48}},"line":264},"32":{"name":"(anonymous_32)","decl":{"start":{"line":281,"column":24},"end":{"line":281,"column":25}},"loc":{"start":{"line":281,"column":42},"end":{"line":305,"column":1}},"line":281},"33":{"name":"(anonymous_33)","decl":{"start":{"line":283,"column":23},"end":{"line":283,"column":24}},"loc":{"start":{"line":283,"column":49},"end":{"line":303,"column":5}},"line":283},"34":{"name":"(anonymous_34)","decl":{"start":{"line":287,"column":18},"end":{"line":287,"column":19}},"loc":{"start":{"line":287,"column":39},"end":{"line":290,"column":13}},"line":287},"35":{"name":"(anonymous_35)","decl":{"start":{"line":291,"column":18},"end":{"line":291,"column":19}},"loc":{"start":{"line":291,"column":44},"end":{"line":300,"column":13}},"line":291},"36":{"name":"(anonymous_36)","decl":{"start":{"line":301,"column":18},"end":{"line":301,"column":19}},"loc":{"start":{"line":301,"column":36},"end":{"line":301,"column":62}},"line":301},"37":{"name":"(anonymous_37)","decl":{"start":{"line":302,"column":19},"end":{"line":302,"column":20}},"loc":{"start":{"line":302,"column":28},"end":{"line":302,"column":64}},"line":302},"38":{"name":"(anonymous_38)","decl":{"start":{"line":317,"column":19},"end":{"line":317,"column":20}},"loc":{"start":{"line":317,"column":37},"end":{"line":334,"column":1}},"line":317},"39":{"name":"(anonymous_39)","decl":{"start":{"line":321,"column":23},"end":{"line":321,"column":24}},"loc":{"start":{"line":321,"column":49},"end":{"line":333,"column":5}},"line":321},"40":{"name":"(anonymous_40)","decl":{"start":{"line":325,"column":18},"end":{"line":325,"column":19}},"loc":{"start":{"line":325,"column":25},"end":{"line":329,"column":13}},"line":325},"41":{"name":"(anonymous_41)","decl":{"start":{"line":330,"column":19},"end":{"line":330,"column":20}},"loc":{"start":{"line":330,"column":28},"end":{"line":332,"column":13}},"line":330},"42":{"name":"(anonymous_42)","decl":{"start":{"line":345,"column":31},"end":{"line":345,"column":32}},"loc":{"start":{"line":345,"column":42},"end":{"line":360,"column":1}},"line":345},"43":{"name":"(anonymous_43)","decl":{"start":{"line":347,"column":22},"end":{"line":347,"column":23}},"loc":{"start":{"line":347,"column":32},"end":{"line":356,"column":5}},"line":347},"44":{"name":"(anonymous_44)","decl":{"start":{"line":351,"column":25},"end":{"line":351,"column":26}},"loc":{"start":{"line":351,"column":45},"end":{"line":354,"column":9}},"line":351},"45":{"name":"(anonymous_45)","decl":{"start":{"line":357,"column":23},"end":{"line":357,"column":24}},"loc":{"start":{"line":357,"column":29},"end":{"line":359,"column":5}},"line":357}},"branchMap":{"0":{"loc":{"start":{"line":26,"column":16},"end":{"line":28,"column":17}},"type":"if","locations":[{"start":{"line":26,"column":16},"end":{"line":28,"column":17}},{"start":{"line":26,"column":16},"end":{"line":28,"column":17}}],"line":26},"1":{"loc":{"start":{"line":47,"column":4},"end":{"line":47,"column":65}},"type":"if","locations":[{"start":{"line":47,"column":4},"end":{"line":47,"column":65}},{"start":{"line":47,"column":4},"end":{"line":47,"column":65}}],"line":47},"2":{"loc":{"start":{"line":85,"column":16},"end":{"line":95,"column":17}},"type":"if","locations":[{"start":{"line":85,"column":16},"end":{"line":95,"column":17}},{"start":{"line":85,"column":16},"end":{"line":95,"column":17}}],"line":85},"3":{"loc":{"start":{"line":90,"column":24},"end":{"line":92,"column":25}},"type":"if","locations":[{"start":{"line":90,"column":24},"end":{"line":92,"column":25}},{"start":{"line":90,"column":24},"end":{"line":92,"column":25}}],"line":90},"4":{"loc":{"start":{"line":98,"column":16},"end":{"line":104,"column":17}},"type":"if","locations":[{"start":{"line":98,"column":16},"end":{"line":104,"column":17}},{"start":{"line":98,"column":16},"end":{"line":104,"column":17}}],"line":98},"5":{"loc":{"start":{"line":98,"column":20},"end":{"line":98,"column":89}},"type":"binary-expr","locations":[{"start":{"line":98,"column":20},"end":{"line":98,"column":51}},{"start":{"line":98,"column":55},"end":{"line":98,"column":89}}],"line":98},"6":{"loc":{"start":{"line":149,"column":4},"end":{"line":153,"column":5}},"type":"if","locations":[{"start":{"line":149,"column":4},"end":{"line":153,"column":5}},{"start":{"line":149,"column":4},"end":{"line":153,"column":5}}],"line":149},"7":{"loc":{"start":{"line":183,"column":4},"end":{"line":183,"column":40}},"type":"if","locations":[{"start":{"line":183,"column":4},"end":{"line":183,"column":40}},{"start":{"line":183,"column":4},"end":{"line":183,"column":40}}],"line":183},"8":{"loc":{"start":{"line":226,"column":4},"end":{"line":228,"column":5}},"type":"if","locations":[{"start":{"line":226,"column":4},"end":{"line":228,"column":5}},{"start":{"line":226,"column":4},"end":{"line":228,"column":5}}],"line":226},"9":{"loc":{"start":{"line":229,"column":4},"end":{"line":231,"column":5}},"type":"if","locations":[{"start":{"line":229,"column":4},"end":{"line":231,"column":5}},{"start":{"line":229,"column":4},"end":{"line":231,"column":5}}],"line":229},"10":{"loc":{"start":{"line":232,"column":4},"end":{"line":234,"column":5}},"type":"if","locations":[{"start":{"line":232,"column":4},"end":{"line":234,"column":5}},{"start":{"line":232,"column":4},"end":{"line":234,"column":5}}],"line":232},"11":{"loc":{"start":{"line":254,"column":8},"end":{"line":265,"column":9}},"type":"if","locations":[{"start":{"line":254,"column":8},"end":{"line":265,"column":9}},{"start":{"line":254,"column":8},"end":{"line":265,"column":9}}],"line":254},"12":{"loc":{"start":{"line":319,"column":4},"end":{"line":319,"column":75}},"type":"if","locations":[{"start":{"line":319,"column":4},"end":{"line":319,"column":75}},{"start":{"line":319,"column":4},"end":{"line":319,"column":75}}],"line":319},"13":{"loc":{"start":{"line":320,"column":4},"end":{"line":320,"column":79}},"type":"if","locations":[{"start":{"line":320,"column":4},"end":{"line":320,"column":79}},{"start":{"line":320,"column":4},"end":{"line":320,"column":79}}],"line":320},"14":{"loc":{"start":{"line":352,"column":12},"end":{"line":353,"column":72}},"type":"if","locations":[{"start":{"line":352,"column":12},"end":{"line":353,"column":72}},{"start":{"line":352,"column":12},"end":{"line":353,"column":72}}],"line":352},"15":{"loc":{"start":{"line":358,"column":8},"end":{"line":358,"column":57}},"type":"if","locations":[{"start":{"line":358,"column":8},"end":{"line":358,"column":57}},{"start":{"line":358,"column":8},"end":{"line":358,"column":57}}],"line":358},"16":{"loc":{"start":{"line":362,"column":0},"end":{"line":366,"column":1}},"type":"if","locations":[{"start":{"line":362,"column":0},"end":{"line":366,"column":1}},{"start":{"line":362,"column":0},"end":{"line":366,"column":1}}],"line":362}},"s":{"0":1,"1":1,"2":1,"3":1,"4":1,"5":1,"6":1,"7":1,"8":1,"9":1,"10":1,"11":1,"12":0,"13":1,"14":2,"15":2,"16":0,"17":2,"18":2,"19":2,"20":0,"21":1,"22":2,"23":2,"24":2,"25":2,"26":2,"27":2,"28":0,"29":0,"30":0,"31":0,"32":0,"33":2,"34":1,"35":0,"36":0,"37":1,"38":1,"39":1,"40":1,"41":0,"42":0,"43":0,"44":0,"45":0,"46":1,"47":0,"48":0,"49":0,"50":0,"51":0,"52":1,"53":0,"54":0,"55":0,"56":0,"57":0,"58":0,"59":1,"60":0,"61":0,"62":0,"63":0,"64":1,"65":0,"66":0,"67":0,"68":0,"69":0,"70":0,"71":0,"72":0,"73":0,"74":1,"75":0,"76":0,"77":0,"78":0,"79":0,"80":0,"81":1,"82":0,"83":0,"84":0,"85":0,"86":0,"87":0,"88":0,"89":0,"90":0,"91":1,"92":0,"93":0,"94":0,"95":0,"96":0,"97":0,"98":0,"99":0,"100":0,"101":1,"102":0,"103":0,"104":0,"105":0,"106":0,"107":0,"108":0,"109":0,"110":0,"111":0,"112":0,"113":1,"114":0,"115":0},"f":{"0":1,"1":1,"2":1,"3":1,"4":0,"5":2,"6":2,"7":2,"8":0,"9":2,"10":2,"11":2,"12":0,"13":2,"14":1,"15":1,"16":0,"17":0,"18":0,"19":0,"20":0,"21":0,"22":0,"23":0,"24":0,"25":0,"26":0,"27":0,"28":0,"29":0,"30":0,"31":0,"32":0,"33":0,"34":0,"35":0,"36":0,"37":0,"38":0,"39":0,"40":0,"41":0,"42":0,"43":0,"44":0,"45":0},"b":{"0":[1,0],"1":[0,2],"2":[2,0],"3":[0,0],"4":[1,1],"5":[2,1],"6":[0,0],"7":[0,0],"8":[0,0],"9":[0,0],"10":[0,0],"11":[0,0],"12":[0,0],"13":[0,0],"14":[0,0],"15":[0,0],"16":[0,1]},"_coverageSchema":"43e27e138ebf9cfc5966b082cf9a028302ed4184","hash":"e820d1440003c37936222e2f630c93f1a97cb4b7","contentHash":"8652775b6cc1730ccfd2e92d6e59ef07"},"/Users/dchege711/study_buddy/models/mongoose_models/CardSchema.js":{"path":"/Users/dchege711/study_buddy/models/mongoose_models/CardSchema.js","statementMap":{"0":{"start":{"line":5,"column":15},"end":{"line":5,"column":34}},"1":{"start":{"line":16,"column":17},"end":{"line":36,"column":1}},"2":{"start":{"line":43,"column":0},"end":{"line":51,"column":2}},"3":{"start":{"line":52,"column":0},"end":{"line":54,"column":3}},"4":{"start":{"line":53,"column":4},"end":{"line":53,"column":43}},"5":{"start":{"line":66,"column":16},"end":{"line":66,"column":50}},"6":{"start":{"line":67,"column":0},"end":{"line":67,"column":27}},"7":{"start":{"line":69,"column":0},"end":{"line":82,"column":1}},"8":{"start":{"line":72,"column":4},"end":{"line":75,"column":49}},"9":{"start":{"line":74,"column":25},"end":{"line":74,"column":42}},"10":{"start":{"line":75,"column":26},"end":{"line":75,"column":45}},"11":{"start":{"line":77,"column":4},"end":{"line":80,"column":49}},"12":{"start":{"line":79,"column":29},"end":{"line":79,"column":50}},"13":{"start":{"line":80,"column":26},"end":{"line":80,"column":45}}},"fnMap":{"0":{"name":"(anonymous_0)","decl":{"start":{"line":52,"column":30},"end":{"line":52,"column":31}},"loc":{"start":{"line":52,"column":42},"end":{"line":54,"column":1}},"line":52},"1":{"name":"(anonymous_1)","decl":{"start":{"line":74,"column":14},"end":{"line":74,"column":15}},"loc":{"start":{"line":74,"column":23},"end":{"line":74,"column":44}},"line":74},"2":{"name":"(anonymous_2)","decl":{"start":{"line":75,"column":15},"end":{"line":75,"column":16}},"loc":{"start":{"line":75,"column":24},"end":{"line":75,"column":47}},"line":75},"3":{"name":"(anonymous_3)","decl":{"start":{"line":79,"column":14},"end":{"line":79,"column":15}},"loc":{"start":{"line":79,"column":27},"end":{"line":79,"column":52}},"line":79},"4":{"name":"(anonymous_4)","decl":{"start":{"line":80,"column":15},"end":{"line":80,"column":16}},"loc":{"start":{"line":80,"column":24},"end":{"line":80,"column":47}},"line":80}},"branchMap":{"0":{"loc":{"start":{"line":69,"column":0},"end":{"line":82,"column":1}},"type":"if","locations":[{"start":{"line":69,"column":0},"end":{"line":82,"column":1}},{"start":{"line":69,"column":0},"end":{"line":82,"column":1}}],"line":69}},"s":{"0":1,"1":1,"2":1,"3":1,"4":0,"5":1,"6":1,"7":1,"8":0,"9":0,"10":0,"11":0,"12":0,"13":0},"f":{"0":0,"1":0,"2":0,"3":0,"4":0},"b":{"0":[0,1]},"_coverageSchema":"43e27e138ebf9cfc5966b082cf9a028302ed4184","hash":"3591628dc20c8e1b3dd75a9fff5cfb4dc9324cbb","contentHash":"143b573bdf2a5f57d823801bf7556ef6"},"/Users/dchege711/study_buddy/models/MetadataMongoDB.js":{"path":"/Users/dchege711/study_buddy/models/MetadataMongoDB.js","statementMap":{"0":{"start":{"line":3,"column":13},"end":{"line":3,"column":55}},"1":{"start":{"line":4,"column":17},"end":{"line":4,"column":64}},"2":{"start":{"line":5,"column":13},"end":{"line":5,"column":55}},"3":{"start":{"line":6,"column":11},"end":{"line":6,"column":24}},"4":{"start":{"line":14,"column":0},"end":{"line":44,"column":2}},"5":{"start":{"line":15,"column":4},"end":{"line":43,"column":6}},"6":{"start":{"line":16,"column":8},"end":{"line":41,"column":9}},"7":{"start":{"line":17,"column":12},"end":{"line":17,"column":83}},"8":{"start":{"line":19,"column":12},"end":{"line":40,"column":46}},"9":{"start":{"line":24,"column":16},"end":{"line":33,"column":17}},"10":{"start":{"line":25,"column":20},"end":{"line":25,"column":79}},"11":{"start":{"line":27,"column":20},"end":{"line":32,"column":27}},"12":{"start":{"line":36,"column":16},"end":{"line":38,"column":19}},"13":{"start":{"line":40,"column":30},"end":{"line":40,"column":42}},"14":{"start":{"line":53,"column":0},"end":{"line":64,"column":2}},"15":{"start":{"line":54,"column":4},"end":{"line":63,"column":7}},"16":{"start":{"line":55,"column":8},"end":{"line":62,"column":46}},"17":{"start":{"line":58,"column":16},"end":{"line":60,"column":19}},"18":{"start":{"line":62,"column":30},"end":{"line":62,"column":42}},"19":{"start":{"line":74,"column":0},"end":{"line":108,"column":2}},"20":{"start":{"line":75,"column":17},"end":{"line":75,"column":48}},"21":{"start":{"line":76,"column":15},"end":{"line":76,"column":17}},"22":{"start":{"line":77,"column":4},"end":{"line":88,"column":7}},"23":{"start":{"line":78,"column":23},"end":{"line":78,"column":54}},"24":{"start":{"line":79,"column":8},"end":{"line":87,"column":9}},"25":{"start":{"line":80,"column":12},"end":{"line":86,"column":15}},"26":{"start":{"line":81,"column":16},"end":{"line":85,"column":17}},"27":{"start":{"line":82,"column":20},"end":{"line":82,"column":63}},"28":{"start":{"line":84,"column":20},"end":{"line":84,"column":64}},"29":{"start":{"line":90,"column":4},"end":{"line":107,"column":7}},"30":{"start":{"line":91,"column":8},"end":{"line":91,"column":24}},"31":{"start":{"line":92,"column":8},"end":{"line":97,"column":9}},"32":{"start":{"line":93,"column":12},"end":{"line":96,"column":15}},"33":{"start":{"line":101,"column":8},"end":{"line":103,"column":11}},"34":{"start":{"line":102,"column":12},"end":{"line":102,"column":53}},"35":{"start":{"line":105,"column":8},"end":{"line":105,"column":45}},"36":{"start":{"line":106,"column":8},"end":{"line":106,"column":47}},"37":{"start":{"line":118,"column":0},"end":{"line":154,"column":2}},"38":{"start":{"line":125,"column":4},"end":{"line":127,"column":5}},"39":{"start":{"line":126,"column":8},"end":{"line":126,"column":40}},"40":{"start":{"line":129,"column":4},"end":{"line":153,"column":7}},"41":{"start":{"line":130,"column":8},"end":{"line":134,"column":9}},"42":{"start":{"line":131,"column":12},"end":{"line":133,"column":14}},"43":{"start":{"line":135,"column":8},"end":{"line":152,"column":45}},"44":{"start":{"line":141,"column":16},"end":{"line":143,"column":19}},"45":{"start":{"line":142,"column":20},"end":{"line":142,"column":94}},"46":{"start":{"line":144,"column":16},"end":{"line":144,"column":50}},"47":{"start":{"line":145,"column":16},"end":{"line":145,"column":61}},"48":{"start":{"line":147,"column":16},"end":{"line":147,"column":42}},"49":{"start":{"line":150,"column":16},"end":{"line":150,"column":78}},"50":{"start":{"line":152,"column":30},"end":{"line":152,"column":42}},"51":{"start":{"line":162,"column":0},"end":{"line":171,"column":2}},"52":{"start":{"line":163,"column":4},"end":{"line":170,"column":7}},"53":{"start":{"line":164,"column":8},"end":{"line":169,"column":46}},"54":{"start":{"line":167,"column":16},"end":{"line":167,"column":83}},"55":{"start":{"line":169,"column":30},"end":{"line":169,"column":42}},"56":{"start":{"line":180,"column":0},"end":{"line":238,"column":2}},"57":{"start":{"line":181,"column":22},"end":{"line":181,"column":24}},"58":{"start":{"line":182,"column":4},"end":{"line":237,"column":7}},"59":{"start":{"line":183,"column":8},"end":{"line":236,"column":46}},"60":{"start":{"line":186,"column":16},"end":{"line":190,"column":17}},"61":{"start":{"line":187,"column":20},"end":{"line":189,"column":23}},"62":{"start":{"line":191,"column":16},"end":{"line":191,"column":77}},"63":{"start":{"line":191,"column":54},"end":{"line":191,"column":77}},"64":{"start":{"line":192,"column":16},"end":{"line":192,"column":40}},"65":{"start":{"line":193,"column":16},"end":{"line":195,"column":26}},"66":{"start":{"line":198,"column":36},"end":{"line":198,"column":56}},"67":{"start":{"line":199,"column":39},"end":{"line":199,"column":70}},"68":{"start":{"line":200,"column":36},"end":{"line":200,"column":56}},"69":{"start":{"line":203,"column":16},"end":{"line":211,"column":19}},"70":{"start":{"line":204,"column":20},"end":{"line":204,"column":53}},"71":{"start":{"line":205,"column":20},"end":{"line":210,"column":21}},"72":{"start":{"line":206,"column":24},"end":{"line":206,"column":76}},"73":{"start":{"line":207,"column":24},"end":{"line":209,"column":25}},"74":{"start":{"line":208,"column":28},"end":{"line":208,"column":65}},"75":{"start":{"line":212,"column":16},"end":{"line":212,"column":52}},"76":{"start":{"line":217,"column":16},"end":{"line":220,"column":17}},"77":{"start":{"line":218,"column":20},"end":{"line":218,"column":51}},"78":{"start":{"line":219,"column":20},"end":{"line":219,"column":55}},"79":{"start":{"line":221,"column":16},"end":{"line":221,"column":73}},"80":{"start":{"line":224,"column":16},"end":{"line":224,"column":50}},"81":{"start":{"line":225,"column":16},"end":{"line":225,"column":61}},"82":{"start":{"line":226,"column":16},"end":{"line":226,"column":58}},"83":{"start":{"line":228,"column":16},"end":{"line":228,"column":42}},"84":{"start":{"line":231,"column":16},"end":{"line":234,"column":18}},"85":{"start":{"line":236,"column":30},"end":{"line":236,"column":42}},"86":{"start":{"line":247,"column":0},"end":{"line":279,"column":2}},"87":{"start":{"line":248,"column":22},"end":{"line":248,"column":24}},"88":{"start":{"line":250,"column":4},"end":{"line":278,"column":7}},"89":{"start":{"line":251,"column":8},"end":{"line":277,"column":46}},"90":{"start":{"line":256,"column":16},"end":{"line":263,"column":17}},"91":{"start":{"line":257,"column":20},"end":{"line":259,"column":23}},"92":{"start":{"line":261,"column":20},"end":{"line":261,"column":44}},"93":{"start":{"line":262,"column":20},"end":{"line":262,"column":61}},"94":{"start":{"line":266,"column":16},"end":{"line":266,"column":84}},"95":{"start":{"line":269,"column":16},"end":{"line":269,"column":50}},"96":{"start":{"line":272,"column":16},"end":{"line":275,"column":18}},"97":{"start":{"line":277,"column":30},"end":{"line":277,"column":42}},"98":{"start":{"line":288,"column":0},"end":{"line":312,"column":2}},"99":{"start":{"line":289,"column":4},"end":{"line":311,"column":7}},"100":{"start":{"line":290,"column":8},"end":{"line":310,"column":46}},"101":{"start":{"line":296,"column":16},"end":{"line":301,"column":17}},"102":{"start":{"line":297,"column":20},"end":{"line":300,"column":23}},"103":{"start":{"line":302,"column":16},"end":{"line":302,"column":64}},"104":{"start":{"line":305,"column":16},"end":{"line":305,"column":50}},"105":{"start":{"line":308,"column":16},"end":{"line":308,"column":91}},"106":{"start":{"line":310,"column":30},"end":{"line":310,"column":42}},"107":{"start":{"line":325,"column":4},"end":{"line":340,"column":7}},"108":{"start":{"line":326,"column":8},"end":{"line":339,"column":46}},"109":{"start":{"line":329,"column":16},"end":{"line":336,"column":17}},"110":{"start":{"line":330,"column":38},"end":{"line":330,"column":61}},"111":{"start":{"line":331,"column":20},"end":{"line":335,"column":21}},"112":{"start":{"line":332,"column":24},"end":{"line":332,"column":80}},"113":{"start":{"line":333,"column":24},"end":{"line":333,"column":66}},"114":{"start":{"line":334,"column":24},"end":{"line":334,"column":45}},"115":{"start":{"line":337,"column":16},"end":{"line":337,"column":85}},"116":{"start":{"line":339,"column":30},"end":{"line":339,"column":42}},"117":{"start":{"line":352,"column":0},"end":{"line":384,"column":2}},"118":{"start":{"line":353,"column":22},"end":{"line":353,"column":36}},"119":{"start":{"line":355,"column":4},"end":{"line":383,"column":7}},"120":{"start":{"line":356,"column":8},"end":{"line":382,"column":46}},"121":{"start":{"line":359,"column":16},"end":{"line":365,"column":17}},"122":{"start":{"line":360,"column":20},"end":{"line":364,"column":23}},"123":{"start":{"line":367,"column":16},"end":{"line":367,"column":76}},"124":{"start":{"line":368,"column":16},"end":{"line":368,"column":78}},"125":{"start":{"line":370,"column":16},"end":{"line":370,"column":62}},"126":{"start":{"line":373,"column":16},"end":{"line":373,"column":60}},"127":{"start":{"line":374,"column":16},"end":{"line":374,"column":86}},"128":{"start":{"line":377,"column":16},"end":{"line":377,"column":60}},"129":{"start":{"line":380,"column":16},"end":{"line":380,"column":78}},"130":{"start":{"line":382,"column":30},"end":{"line":382,"column":42}},"131":{"start":{"line":400,"column":18},"end":{"line":400,"column":35}},"132":{"start":{"line":401,"column":17},"end":{"line":401,"column":30}},"133":{"start":{"line":403,"column":4},"end":{"line":403,"column":66}},"134":{"start":{"line":403,"column":39},"end":{"line":403,"column":66}},"135":{"start":{"line":405,"column":4},"end":{"line":407,"column":5}},"136":{"start":{"line":406,"column":8},"end":{"line":406,"column":46}},"137":{"start":{"line":409,"column":24},"end":{"line":409,"column":44}},"138":{"start":{"line":410,"column":27},"end":{"line":410,"column":58}},"139":{"start":{"line":413,"column":4},"end":{"line":413,"column":72}},"140":{"start":{"line":413,"column":45},"end":{"line":413,"column":72}},"141":{"start":{"line":414,"column":4},"end":{"line":414,"column":44}},"142":{"start":{"line":415,"column":4},"end":{"line":415,"column":38}},"143":{"start":{"line":418,"column":29},"end":{"line":418,"column":31}},"144":{"start":{"line":419,"column":4},"end":{"line":426,"column":5}},"145":{"start":{"line":420,"column":8},"end":{"line":425,"column":11}},"146":{"start":{"line":421,"column":12},"end":{"line":424,"column":13}},"147":{"start":{"line":422,"column":16},"end":{"line":422,"column":41}},"148":{"start":{"line":423,"column":16},"end":{"line":423,"column":52}},"149":{"start":{"line":429,"column":4},"end":{"line":451,"column":5}},"150":{"start":{"line":430,"column":8},"end":{"line":450,"column":11}},"151":{"start":{"line":431,"column":30},"end":{"line":431,"column":40}},"152":{"start":{"line":432,"column":12},"end":{"line":449,"column":13}},"153":{"start":{"line":434,"column":16},"end":{"line":436,"column":17}},"154":{"start":{"line":435,"column":20},"end":{"line":435,"column":55}},"155":{"start":{"line":439,"column":16},"end":{"line":441,"column":17}},"156":{"start":{"line":440,"column":20},"end":{"line":440,"column":63}},"157":{"start":{"line":444,"column":16},"end":{"line":446,"column":17}},"158":{"start":{"line":445,"column":20},"end":{"line":445,"column":59}},"159":{"start":{"line":448,"column":16},"end":{"line":448,"column":72}},"160":{"start":{"line":452,"column":4},"end":{"line":452,"column":49}},"161":{"start":{"line":455,"column":4},"end":{"line":462,"column":7}},"162":{"start":{"line":456,"column":8},"end":{"line":461,"column":9}},"163":{"start":{"line":457,"column":12},"end":{"line":457,"column":53}},"164":{"start":{"line":458,"column":12},"end":{"line":460,"column":13}},"165":{"start":{"line":459,"column":16},"end":{"line":459,"column":49}},"166":{"start":{"line":464,"column":4},"end":{"line":464,"column":40}},"167":{"start":{"line":473,"column":0},"end":{"line":508,"column":1}},"168":{"start":{"line":475,"column":27},"end":{"line":475,"column":64}},"169":{"start":{"line":476,"column":23},"end":{"line":476,"column":25}},"170":{"start":{"line":477,"column":4},"end":{"line":479,"column":6}},"171":{"start":{"line":478,"column":8},"end":{"line":478,"column":70}},"172":{"start":{"line":478,"column":43},"end":{"line":478,"column":70}},"173":{"start":{"line":481,"column":4},"end":{"line":507,"column":7}},"174":{"start":{"line":482,"column":8},"end":{"line":486,"column":9}},"175":{"start":{"line":483,"column":12},"end":{"line":485,"column":15}},"176":{"start":{"line":487,"column":8},"end":{"line":506,"column":46}},"177":{"start":{"line":490,"column":16},"end":{"line":495,"column":17}},"178":{"start":{"line":491,"column":20},"end":{"line":494,"column":23}},"179":{"start":{"line":496,"column":16},"end":{"line":498,"column":17}},"180":{"start":{"line":497,"column":20},"end":{"line":497,"column":85}},"181":{"start":{"line":499,"column":16},"end":{"line":499,"column":43}},"182":{"start":{"line":502,"column":16},"end":{"line":504,"column":19}},"183":{"start":{"line":506,"column":30},"end":{"line":506,"column":42}}},"fnMap":{"0":{"name":"(anonymous_0)","decl":{"start":{"line":14,"column":17},"end":{"line":14,"column":18}},"loc":{"start":{"line":14,"column":36},"end":{"line":44,"column":1}},"line":14},"1":{"name":"(anonymous_1)","decl":{"start":{"line":15,"column":23},"end":{"line":15,"column":24}},"loc":{"start":{"line":15,"column":49},"end":{"line":43,"column":5}},"line":15},"2":{"name":"(anonymous_2)","decl":{"start":{"line":23,"column":18},"end":{"line":23,"column":19}},"loc":{"start":{"line":23,"column":29},"end":{"line":34,"column":13}},"line":23},"3":{"name":"(anonymous_3)","decl":{"start":{"line":35,"column":18},"end":{"line":35,"column":19}},"loc":{"start":{"line":35,"column":40},"end":{"line":39,"column":13}},"line":35},"4":{"name":"(anonymous_4)","decl":{"start":{"line":40,"column":19},"end":{"line":40,"column":20}},"loc":{"start":{"line":40,"column":28},"end":{"line":40,"column":44}},"line":40},"5":{"name":"(anonymous_5)","decl":{"start":{"line":53,"column":15},"end":{"line":53,"column":16}},"loc":{"start":{"line":53,"column":34},"end":{"line":64,"column":1}},"line":53},"6":{"name":"(anonymous_6)","decl":{"start":{"line":54,"column":23},"end":{"line":54,"column":24}},"loc":{"start":{"line":54,"column":49},"end":{"line":63,"column":5}},"line":54},"7":{"name":"(anonymous_7)","decl":{"start":{"line":57,"column":18},"end":{"line":57,"column":19}},"loc":{"start":{"line":57,"column":36},"end":{"line":61,"column":13}},"line":57},"8":{"name":"(anonymous_8)","decl":{"start":{"line":62,"column":19},"end":{"line":62,"column":20}},"loc":{"start":{"line":62,"column":28},"end":{"line":62,"column":44}},"line":62},"9":{"name":"(anonymous_9)","decl":{"start":{"line":74,"column":19},"end":{"line":74,"column":20}},"loc":{"start":{"line":74,"column":37},"end":{"line":108,"column":1}},"line":74},"10":{"name":"(anonymous_10)","decl":{"start":{"line":77,"column":22},"end":{"line":77,"column":23}},"loc":{"start":{"line":77,"column":39},"end":{"line":88,"column":5}},"line":77},"11":{"name":"(anonymous_11)","decl":{"start":{"line":80,"column":47},"end":{"line":80,"column":48}},"loc":{"start":{"line":80,"column":60},"end":{"line":86,"column":13}},"line":80},"12":{"name":"(anonymous_12)","decl":{"start":{"line":90,"column":23},"end":{"line":90,"column":24}},"loc":{"start":{"line":90,"column":29},"end":{"line":107,"column":5}},"line":90},"13":{"name":"(anonymous_13)","decl":{"start":{"line":101,"column":24},"end":{"line":101,"column":25}},"loc":{"start":{"line":101,"column":57},"end":{"line":103,"column":9}},"line":101},"14":{"name":"(anonymous_14)","decl":{"start":{"line":118,"column":17},"end":{"line":118,"column":18}},"loc":{"start":{"line":118,"column":45},"end":{"line":154,"column":1}},"line":118},"15":{"name":"(anonymous_15)","decl":{"start":{"line":129,"column":23},"end":{"line":129,"column":24}},"loc":{"start":{"line":129,"column":49},"end":{"line":153,"column":5}},"line":129},"16":{"name":"(anonymous_16)","decl":{"start":{"line":140,"column":18},"end":{"line":140,"column":19}},"loc":{"start":{"line":140,"column":35},"end":{"line":148,"column":13}},"line":140},"17":{"name":"(anonymous_17)","decl":{"start":{"line":141,"column":35},"end":{"line":141,"column":36}},"loc":{"start":{"line":141,"column":56},"end":{"line":143,"column":17}},"line":141},"18":{"name":"(anonymous_18)","decl":{"start":{"line":149,"column":18},"end":{"line":149,"column":19}},"loc":{"start":{"line":149,"column":37},"end":{"line":151,"column":13}},"line":149},"19":{"name":"(anonymous_19)","decl":{"start":{"line":152,"column":19},"end":{"line":152,"column":20}},"loc":{"start":{"line":152,"column":28},"end":{"line":152,"column":44}},"line":152},"20":{"name":"(anonymous_20)","decl":{"start":{"line":162,"column":17},"end":{"line":162,"column":18}},"loc":{"start":{"line":162,"column":36},"end":{"line":171,"column":1}},"line":162},"21":{"name":"(anonymous_21)","decl":{"start":{"line":163,"column":23},"end":{"line":163,"column":24}},"loc":{"start":{"line":163,"column":49},"end":{"line":170,"column":5}},"line":163},"22":{"name":"(anonymous_22)","decl":{"start":{"line":166,"column":18},"end":{"line":166,"column":19}},"loc":{"start":{"line":166,"column":42},"end":{"line":168,"column":13}},"line":166},"23":{"name":"(anonymous_23)","decl":{"start":{"line":169,"column":19},"end":{"line":169,"column":20}},"loc":{"start":{"line":169,"column":28},"end":{"line":169,"column":44}},"line":169},"24":{"name":"(anonymous_24)","decl":{"start":{"line":180,"column":26},"end":{"line":180,"column":27}},"loc":{"start":{"line":180,"column":45},"end":{"line":238,"column":1}},"line":180},"25":{"name":"(anonymous_25)","decl":{"start":{"line":182,"column":23},"end":{"line":182,"column":24}},"loc":{"start":{"line":182,"column":49},"end":{"line":237,"column":5}},"line":182},"26":{"name":"(anonymous_26)","decl":{"start":{"line":185,"column":18},"end":{"line":185,"column":19}},"loc":{"start":{"line":185,"column":28},"end":{"line":196,"column":13}},"line":185},"27":{"name":"(anonymous_27)","decl":{"start":{"line":197,"column":18},"end":{"line":197,"column":19}},"loc":{"start":{"line":197,"column":35},"end":{"line":229,"column":13}},"line":197},"28":{"name":"(anonymous_28)","decl":{"start":{"line":203,"column":57},"end":{"line":203,"column":58}},"loc":{"start":{"line":203,"column":72},"end":{"line":211,"column":17}},"line":203},"29":{"name":"(anonymous_29)","decl":{"start":{"line":230,"column":18},"end":{"line":230,"column":19}},"loc":{"start":{"line":230,"column":25},"end":{"line":235,"column":13}},"line":230},"30":{"name":"(anonymous_30)","decl":{"start":{"line":236,"column":19},"end":{"line":236,"column":20}},"loc":{"start":{"line":236,"column":28},"end":{"line":236,"column":44}},"line":236},"31":{"name":"(anonymous_31)","decl":{"start":{"line":247,"column":31},"end":{"line":247,"column":32}},"loc":{"start":{"line":247,"column":58},"end":{"line":279,"column":1}},"line":247},"32":{"name":"(anonymous_32)","decl":{"start":{"line":250,"column":23},"end":{"line":250,"column":24}},"loc":{"start":{"line":250,"column":49},"end":{"line":278,"column":5}},"line":250},"33":{"name":"(anonymous_33)","decl":{"start":{"line":255,"column":18},"end":{"line":255,"column":19}},"loc":{"start":{"line":255,"column":28},"end":{"line":264,"column":13}},"line":255},"34":{"name":"(anonymous_34)","decl":{"start":{"line":265,"column":18},"end":{"line":265,"column":19}},"loc":{"start":{"line":265,"column":35},"end":{"line":267,"column":13}},"line":265},"35":{"name":"(anonymous_35)","decl":{"start":{"line":268,"column":18},"end":{"line":268,"column":19}},"loc":{"start":{"line":268,"column":43},"end":{"line":270,"column":13}},"line":268},"36":{"name":"(anonymous_36)","decl":{"start":{"line":271,"column":18},"end":{"line":271,"column":19}},"loc":{"start":{"line":271,"column":25},"end":{"line":276,"column":13}},"line":271},"37":{"name":"(anonymous_37)","decl":{"start":{"line":277,"column":19},"end":{"line":277,"column":20}},"loc":{"start":{"line":277,"column":28},"end":{"line":277,"column":44}},"line":277},"38":{"name":"(anonymous_38)","decl":{"start":{"line":288,"column":30},"end":{"line":288,"column":31}},"loc":{"start":{"line":288,"column":55},"end":{"line":312,"column":1}},"line":288},"39":{"name":"(anonymous_39)","decl":{"start":{"line":289,"column":23},"end":{"line":289,"column":24}},"loc":{"start":{"line":289,"column":49},"end":{"line":311,"column":5}},"line":289},"40":{"name":"(anonymous_40)","decl":{"start":{"line":295,"column":18},"end":{"line":295,"column":19}},"loc":{"start":{"line":295,"column":35},"end":{"line":303,"column":13}},"line":295},"41":{"name":"(anonymous_41)","decl":{"start":{"line":304,"column":18},"end":{"line":304,"column":19}},"loc":{"start":{"line":304,"column":43},"end":{"line":306,"column":13}},"line":304},"42":{"name":"(anonymous_42)","decl":{"start":{"line":307,"column":18},"end":{"line":307,"column":19}},"loc":{"start":{"line":307,"column":25},"end":{"line":309,"column":13}},"line":307},"43":{"name":"(anonymous_43)","decl":{"start":{"line":310,"column":19},"end":{"line":310,"column":20}},"loc":{"start":{"line":310,"column":28},"end":{"line":310,"column":44}},"line":310},"44":{"name":"removeCardFromMetadataTrash","decl":{"start":{"line":324,"column":9},"end":{"line":324,"column":36}},"loc":{"start":{"line":324,"column":53},"end":{"line":341,"column":1}},"line":324},"45":{"name":"(anonymous_45)","decl":{"start":{"line":325,"column":23},"end":{"line":325,"column":24}},"loc":{"start":{"line":325,"column":49},"end":{"line":340,"column":5}},"line":325},"46":{"name":"(anonymous_46)","decl":{"start":{"line":328,"column":18},"end":{"line":328,"column":19}},"loc":{"start":{"line":328,"column":44},"end":{"line":338,"column":13}},"line":328},"47":{"name":"(anonymous_47)","decl":{"start":{"line":339,"column":19},"end":{"line":339,"column":20}},"loc":{"start":{"line":339,"column":28},"end":{"line":339,"column":44}},"line":339},"48":{"name":"(anonymous_48)","decl":{"start":{"line":352,"column":31},"end":{"line":352,"column":32}},"loc":{"start":{"line":352,"column":54},"end":{"line":384,"column":1}},"line":352},"49":{"name":"(anonymous_49)","decl":{"start":{"line":355,"column":23},"end":{"line":355,"column":24}},"loc":{"start":{"line":355,"column":49},"end":{"line":383,"column":5}},"line":355},"50":{"name":"(anonymous_50)","decl":{"start":{"line":358,"column":18},"end":{"line":358,"column":19}},"loc":{"start":{"line":358,"column":29},"end":{"line":371,"column":13}},"line":358},"51":{"name":"(anonymous_51)","decl":{"start":{"line":372,"column":18},"end":{"line":372,"column":19}},"loc":{"start":{"line":372,"column":38},"end":{"line":375,"column":13}},"line":372},"52":{"name":"(anonymous_52)","decl":{"start":{"line":376,"column":18},"end":{"line":376,"column":19}},"loc":{"start":{"line":376,"column":24},"end":{"line":378,"column":13}},"line":376},"53":{"name":"(anonymous_53)","decl":{"start":{"line":379,"column":18},"end":{"line":379,"column":19}},"loc":{"start":{"line":379,"column":24},"end":{"line":381,"column":13}},"line":379},"54":{"name":"(anonymous_54)","decl":{"start":{"line":382,"column":19},"end":{"line":382,"column":20}},"loc":{"start":{"line":382,"column":28},"end":{"line":382,"column":44}},"line":382},"55":{"name":"updateMetadataWithCardDetails","decl":{"start":{"line":398,"column":9},"end":{"line":398,"column":38}},"loc":{"start":{"line":398,"column":63},"end":{"line":465,"column":1}},"line":398},"56":{"name":"(anonymous_56)","decl":{"start":{"line":420,"column":50},"end":{"line":420,"column":51}},"loc":{"start":{"line":420,"column":61},"end":{"line":425,"column":9}},"line":420},"57":{"name":"(anonymous_57)","decl":{"start":{"line":430,"column":42},"end":{"line":430,"column":43}},"loc":{"start":{"line":430,"column":49},"end":{"line":450,"column":9}},"line":430},"58":{"name":"(anonymous_58)","decl":{"start":{"line":455,"column":44},"end":{"line":455,"column":45}},"loc":{"start":{"line":455,"column":57},"end":{"line":462,"column":5}},"line":455},"59":{"name":"(anonymous_59)","decl":{"start":{"line":473,"column":29},"end":{"line":473,"column":30}},"loc":{"start":{"line":473,"column":55},"end":{"line":508,"column":1}},"line":473},"60":{"name":"(anonymous_60)","decl":{"start":{"line":477,"column":41},"end":{"line":477,"column":42}},"loc":{"start":{"line":477,"column":54},"end":{"line":479,"column":5}},"line":477},"61":{"name":"(anonymous_61)","decl":{"start":{"line":481,"column":23},"end":{"line":481,"column":24}},"loc":{"start":{"line":481,"column":49},"end":{"line":507,"column":5}},"line":481},"62":{"name":"(anonymous_62)","decl":{"start":{"line":489,"column":18},"end":{"line":489,"column":19}},"loc":{"start":{"line":489,"column":36},"end":{"line":500,"column":13}},"line":489},"63":{"name":"(anonymous_63)","decl":{"start":{"line":501,"column":18},"end":{"line":501,"column":19}},"loc":{"start":{"line":501,"column":25},"end":{"line":505,"column":13}},"line":501},"64":{"name":"(anonymous_64)","decl":{"start":{"line":506,"column":19},"end":{"line":506,"column":20}},"loc":{"start":{"line":506,"column":28},"end":{"line":506,"column":44}},"line":506}},"branchMap":{"0":{"loc":{"start":{"line":16,"column":8},"end":{"line":41,"column":9}},"type":"if","locations":[{"start":{"line":16,"column":8},"end":{"line":41,"column":9}},{"start":{"line":16,"column":8},"end":{"line":41,"column":9}}],"line":16},"1":{"loc":{"start":{"line":16,"column":12},"end":{"line":16,"column":84}},"type":"binary-expr","locations":[{"start":{"line":16,"column":12},"end":{"line":16,"column":45}},{"start":{"line":16,"column":49},"end":{"line":16,"column":84}}],"line":16},"2":{"loc":{"start":{"line":24,"column":16},"end":{"line":33,"column":17}},"type":"if","locations":[{"start":{"line":24,"column":16},"end":{"line":33,"column":17}},{"start":{"line":24,"column":16},"end":{"line":33,"column":17}}],"line":24},"3":{"loc":{"start":{"line":81,"column":16},"end":{"line":85,"column":17}},"type":"if","locations":[{"start":{"line":81,"column":16},"end":{"line":85,"column":17}},{"start":{"line":81,"column":16},"end":{"line":85,"column":17}}],"line":81},"4":{"loc":{"start":{"line":125,"column":4},"end":{"line":127,"column":5}},"type":"if","locations":[{"start":{"line":125,"column":4},"end":{"line":127,"column":5}},{"start":{"line":125,"column":4},"end":{"line":127,"column":5}}],"line":125},"5":{"loc":{"start":{"line":130,"column":8},"end":{"line":134,"column":9}},"type":"if","locations":[{"start":{"line":130,"column":8},"end":{"line":134,"column":9}},{"start":{"line":130,"column":8},"end":{"line":134,"column":9}}],"line":130},"6":{"loc":{"start":{"line":186,"column":16},"end":{"line":190,"column":17}},"type":"if","locations":[{"start":{"line":186,"column":16},"end":{"line":190,"column":17}},{"start":{"line":186,"column":16},"end":{"line":190,"column":17}}],"line":186},"7":{"loc":{"start":{"line":191,"column":16},"end":{"line":191,"column":77}},"type":"if","locations":[{"start":{"line":191,"column":16},"end":{"line":191,"column":77}},{"start":{"line":191,"column":16},"end":{"line":191,"column":77}}],"line":191},"8":{"loc":{"start":{"line":205,"column":20},"end":{"line":210,"column":21}},"type":"if","locations":[{"start":{"line":205,"column":20},"end":{"line":210,"column":21}},{"start":{"line":205,"column":20},"end":{"line":210,"column":21}}],"line":205},"9":{"loc":{"start":{"line":207,"column":24},"end":{"line":209,"column":25}},"type":"if","locations":[{"start":{"line":207,"column":24},"end":{"line":209,"column":25}},{"start":{"line":207,"column":24},"end":{"line":209,"column":25}}],"line":207},"10":{"loc":{"start":{"line":217,"column":16},"end":{"line":220,"column":17}},"type":"if","locations":[{"start":{"line":217,"column":16},"end":{"line":220,"column":17}},{"start":{"line":217,"column":16},"end":{"line":220,"column":17}}],"line":217},"11":{"loc":{"start":{"line":217,"column":20},"end":{"line":217,"column":87}},"type":"binary-expr","locations":[{"start":{"line":217,"column":20},"end":{"line":217,"column":46}},{"start":{"line":217,"column":50},"end":{"line":217,"column":87}}],"line":217},"12":{"loc":{"start":{"line":256,"column":16},"end":{"line":263,"column":17}},"type":"if","locations":[{"start":{"line":256,"column":16},"end":{"line":263,"column":17}},{"start":{"line":256,"column":16},"end":{"line":263,"column":17}}],"line":256},"13":{"loc":{"start":{"line":296,"column":16},"end":{"line":301,"column":17}},"type":"if","locations":[{"start":{"line":296,"column":16},"end":{"line":301,"column":17}},{"start":{"line":296,"column":16},"end":{"line":301,"column":17}}],"line":296},"14":{"loc":{"start":{"line":331,"column":20},"end":{"line":335,"column":21}},"type":"if","locations":[{"start":{"line":331,"column":20},"end":{"line":335,"column":21}},{"start":{"line":331,"column":20},"end":{"line":335,"column":21}}],"line":331},"15":{"loc":{"start":{"line":403,"column":4},"end":{"line":403,"column":66}},"type":"if","locations":[{"start":{"line":403,"column":4},"end":{"line":403,"column":66}},{"start":{"line":403,"column":4},"end":{"line":403,"column":66}}],"line":403},"16":{"loc":{"start":{"line":405,"column":4},"end":{"line":407,"column":5}},"type":"if","locations":[{"start":{"line":405,"column":4},"end":{"line":407,"column":5}},{"start":{"line":405,"column":4},"end":{"line":407,"column":5}}],"line":405},"17":{"loc":{"start":{"line":413,"column":4},"end":{"line":413,"column":72}},"type":"if","locations":[{"start":{"line":413,"column":4},"end":{"line":413,"column":72}},{"start":{"line":413,"column":4},"end":{"line":413,"column":72}}],"line":413},"18":{"loc":{"start":{"line":419,"column":4},"end":{"line":426,"column":5}},"type":"if","locations":[{"start":{"line":419,"column":4},"end":{"line":426,"column":5}},{"start":{"line":419,"column":4},"end":{"line":426,"column":5}}],"line":419},"19":{"loc":{"start":{"line":421,"column":12},"end":{"line":424,"column":13}},"type":"if","locations":[{"start":{"line":421,"column":12},"end":{"line":424,"column":13}},{"start":{"line":421,"column":12},"end":{"line":424,"column":13}}],"line":421},"20":{"loc":{"start":{"line":429,"column":4},"end":{"line":451,"column":5}},"type":"if","locations":[{"start":{"line":429,"column":4},"end":{"line":451,"column":5}},{"start":{"line":429,"column":4},"end":{"line":451,"column":5}}],"line":429},"21":{"loc":{"start":{"line":432,"column":12},"end":{"line":449,"column":13}},"type":"if","locations":[{"start":{"line":432,"column":12},"end":{"line":449,"column":13}},{"start":{"line":432,"column":12},"end":{"line":449,"column":13}}],"line":432},"22":{"loc":{"start":{"line":434,"column":16},"end":{"line":436,"column":17}},"type":"if","locations":[{"start":{"line":434,"column":16},"end":{"line":436,"column":17}},{"start":{"line":434,"column":16},"end":{"line":436,"column":17}}],"line":434},"23":{"loc":{"start":{"line":439,"column":16},"end":{"line":441,"column":17}},"type":"if","locations":[{"start":{"line":439,"column":16},"end":{"line":441,"column":17}},{"start":{"line":439,"column":16},"end":{"line":441,"column":17}}],"line":439},"24":{"loc":{"start":{"line":444,"column":16},"end":{"line":446,"column":17}},"type":"if","locations":[{"start":{"line":444,"column":16},"end":{"line":446,"column":17}},{"start":{"line":444,"column":16},"end":{"line":446,"column":17}}],"line":444},"25":{"loc":{"start":{"line":456,"column":8},"end":{"line":461,"column":9}},"type":"if","locations":[{"start":{"line":456,"column":8},"end":{"line":461,"column":9}},{"start":{"line":456,"column":8},"end":{"line":461,"column":9}}],"line":456},"26":{"loc":{"start":{"line":458,"column":12},"end":{"line":460,"column":13}},"type":"if","locations":[{"start":{"line":458,"column":12},"end":{"line":460,"column":13}},{"start":{"line":458,"column":12},"end":{"line":460,"column":13}}],"line":458},"27":{"loc":{"start":{"line":478,"column":8},"end":{"line":478,"column":70}},"type":"if","locations":[{"start":{"line":478,"column":8},"end":{"line":478,"column":70}},{"start":{"line":478,"column":8},"end":{"line":478,"column":70}}],"line":478},"28":{"loc":{"start":{"line":482,"column":8},"end":{"line":486,"column":9}},"type":"if","locations":[{"start":{"line":482,"column":8},"end":{"line":486,"column":9}},{"start":{"line":482,"column":8},"end":{"line":486,"column":9}}],"line":482},"29":{"loc":{"start":{"line":490,"column":16},"end":{"line":495,"column":17}},"type":"if","locations":[{"start":{"line":490,"column":16},"end":{"line":495,"column":17}},{"start":{"line":490,"column":16},"end":{"line":495,"column":17}}],"line":490}},"s":{"0":1,"1":1,"2":1,"3":1,"4":1,"5":1,"6":1,"7":0,"8":1,"9":1,"10":0,"11":1,"12":1,"13":0,"14":1,"15":0,"16":0,"17":0,"18":0,"19":1,"20":0,"21":0,"22":0,"23":0,"24":0,"25":0,"26":0,"27":0,"28":0,"29":0,"30":0,"31":0,"32":0,"33":0,"34":0,"35":0,"36":0,"37":1,"38":1,"39":0,"40":1,"41":1,"42":0,"43":1,"44":1,"45":1,"46":1,"47":1,"48":1,"49":1,"50":0,"51":1,"52":0,"53":0,"54":0,"55":0,"56":1,"57":0,"58":0,"59":0,"60":0,"61":0,"62":0,"63":0,"64":0,"65":0,"66":0,"67":0,"68":0,"69":0,"70":0,"71":0,"72":0,"73":0,"74":0,"75":0,"76":0,"77":0,"78":0,"79":0,"80":0,"81":0,"82":0,"83":0,"84":0,"85":0,"86":1,"87":0,"88":0,"89":0,"90":0,"91":0,"92":0,"93":0,"94":0,"95":0,"96":0,"97":0,"98":1,"99":0,"100":0,"101":0,"102":0,"103":0,"104":0,"105":0,"106":0,"107":0,"108":0,"109":0,"110":0,"111":0,"112":0,"113":0,"114":0,"115":0,"116":0,"117":1,"118":0,"119":0,"120":0,"121":0,"122":0,"123":0,"124":0,"125":0,"126":0,"127":0,"128":0,"129":0,"130":0,"131":1,"132":1,"133":1,"134":1,"135":1,"136":1,"137":1,"138":1,"139":1,"140":1,"141":1,"142":1,"143":1,"144":1,"145":1,"146":3,"147":3,"148":3,"149":1,"150":1,"151":3,"152":3,"153":3,"154":3,"155":3,"156":3,"157":3,"158":3,"159":3,"160":1,"161":1,"162":3,"163":0,"164":0,"165":0,"166":1,"167":1,"168":0,"169":0,"170":0,"171":0,"172":0,"173":0,"174":0,"175":0,"176":0,"177":0,"178":0,"179":0,"180":0,"181":0,"182":0,"183":0},"f":{"0":1,"1":1,"2":1,"3":1,"4":0,"5":0,"6":0,"7":0,"8":0,"9":0,"10":0,"11":0,"12":0,"13":0,"14":1,"15":1,"16":1,"17":1,"18":1,"19":0,"20":0,"21":0,"22":0,"23":0,"24":0,"25":0,"26":0,"27":0,"28":0,"29":0,"30":0,"31":0,"32":0,"33":0,"34":0,"35":0,"36":0,"37":0,"38":0,"39":0,"40":0,"41":0,"42":0,"43":0,"44":0,"45":0,"46":0,"47":0,"48":0,"49":0,"50":0,"51":0,"52":0,"53":0,"54":0,"55":1,"56":3,"57":3,"58":3,"59":0,"60":0,"61":0,"62":0,"63":0,"64":0},"b":{"0":[0,1],"1":[1,1],"2":[0,1],"3":[0,0],"4":[0,1],"5":[0,1],"6":[0,0],"7":[0,0],"8":[0,0],"9":[0,0],"10":[0,0],"11":[0,0],"12":[0,0],"13":[0,0],"14":[0,0],"15":[1,0],"16":[1,0],"17":[1,0],"18":[1,0],"19":[3,0],"20":[1,0],"21":[3,0],"22":[3,0],"23":[3,0],"24":[3,0],"25":[0,3],"26":[0,0],"27":[0,0],"28":[0,0],"29":[0,0]},"_coverageSchema":"43e27e138ebf9cfc5966b082cf9a028302ed4184","hash":"d5a4705b5d6d0f10aacd268da5b10446769259df","contentHash":"ee75deb684b0a95fb58c28c08f1d1fb7"},"/Users/dchege711/study_buddy/models/mongoose_models/UserSchema.js":{"path":"/Users/dchege711/study_buddy/models/mongoose_models/UserSchema.js","statementMap":{"0":{"start":{"line":6,"column":15},"end":{"line":6,"column":34}},"1":{"start":{"line":7,"column":14},"end":{"line":7,"column":42}},"2":{"start":{"line":9,"column":17},"end":{"line":41,"column":1}},"3":{"start":{"line":43,"column":0},"end":{"line":45,"column":3}},"4":{"start":{"line":44,"column":4},"end":{"line":44,"column":43}},"5":{"start":{"line":47,"column":0},"end":{"line":47,"column":52}}},"fnMap":{"0":{"name":"(anonymous_0)","decl":{"start":{"line":43,"column":30},"end":{"line":43,"column":31}},"loc":{"start":{"line":43,"column":41},"end":{"line":45,"column":1}},"line":43}},"branchMap":{},"s":{"0":1,"1":1,"2":1,"3":1,"4":0,"5":1},"f":{"0":0},"b":{},"_coverageSchema":"43e27e138ebf9cfc5966b082cf9a028302ed4184","hash":"12955d5d3ba7e51d21ae0a2cc4746b5b1c249a9f","contentHash":"a3554c42ea0817447123258fd6bebf82"},"/Users/dchege711/study_buddy/models/mongoose_models/MetadataCardSchema.js":{"path":"/Users/dchege711/study_buddy/models/mongoose_models/MetadataCardSchema.js","statementMap":{"0":{"start":{"line":5,"column":15},"end":{"line":5,"column":34}},"1":{"start":{"line":10,"column":21},"end":{"line":25,"column":1}},"2":{"start":{"line":27,"column":0},"end":{"line":29,"column":3}},"3":{"start":{"line":28,"column":4},"end":{"line":28,"column":47}},"4":{"start":{"line":31,"column":0},"end":{"line":31,"column":60}}},"fnMap":{"0":{"name":"(anonymous_0)","decl":{"start":{"line":27,"column":34},"end":{"line":27,"column":35}},"loc":{"start":{"line":27,"column":46},"end":{"line":29,"column":1}},"line":27}},"branchMap":{},"s":{"0":1,"1":1,"2":1,"3":0,"4":1},"f":{"0":0},"b":{},"_coverageSchema":"43e27e138ebf9cfc5966b082cf9a028302ed4184","hash":"04924e9cec4f3168e4c846a29b227f08ff0a5fea","contentHash":"2fd58830ac29cc713a801f0571375f54"},"/Users/dchege711/study_buddy/tests/SampleCards.js":{"path":"/Users/dchege711/study_buddy/tests/SampleCards.js","statementMap":{"0":{"start":{"line":1,"column":0},"end":{"line":717,"column":833}},"1":{"start":{"line":719,"column":10},"end":{"line":719,"column":36}},"2":{"start":{"line":724,"column":0},"end":{"line":730,"column":1}},"3":{"start":{"line":725,"column":16},"end":{"line":725,"column":18}},"4":{"start":{"line":726,"column":4},"end":{"line":728,"column":5}},"5":{"start":{"line":727,"column":8},"end":{"line":727,"column":73}},"6":{"start":{"line":729,"column":4},"end":{"line":729,"column":17}}},"fnMap":{"0":{"name":"(anonymous_0)","decl":{"start":{"line":724,"column":25},"end":{"line":724,"column":26}},"loc":{"start":{"line":724,"column":44},"end":{"line":730,"column":1}},"line":724}},"branchMap":{},"s":{"0":1,"1":1,"2":1,"3":2,"4":2,"5":2,"6":2},"f":{"0":2},"b":{},"_coverageSchema":"43e27e138ebf9cfc5966b082cf9a028302ed4184","hash":"53d983db0fc7973d6efd62aa283fa2e003fa12f5","contentHash":"fcdfc21d3b48f9a4f478ebe25fb1b5bc"},"/Users/dchege711/study_buddy/tests/DummyAccountUtils.js":{"path":"/Users/dchege711/study_buddy/tests/DummyAccountUtils.js","statementMap":{"0":{"start":{"line":3,"column":23},"end":{"line":3,"column":61}},"1":{"start":{"line":4,"column":15},"end":{"line":4,"column":38}},"2":{"start":{"line":5,"column":20},"end":{"line":5,"column":47}},"3":{"start":{"line":6,"column":16},"end":{"line":6,"column":52}},"4":{"start":{"line":11,"column":0},"end":{"line":32,"column":2}},"5":{"start":{"line":12,"column":30},"end":{"line":15,"column":5}},"6":{"start":{"line":17,"column":4},"end":{"line":31,"column":7}},"7":{"st
[...]
0}},"loc":{"start":{"line":405,"column":28},"end":{"line":405,"column":44}},"line":405},"49":{"name":"(anonymous_49)","decl":{"start":{"line":416,"column":29},"end":{"line":416,"column":30}},"loc":{"start":{"line":416,"column":55},"end":{"line":425,"column":1}},"line":416},"50":{"name":"(anonymous_50)","decl":{"start":{"line":417,"column":23},"end":{"line":417,"column":24}},"loc":{"start":{"line":417,"column":49},"end":{"line":423,"column":5}},"line":417},"51":{"name":"(anonymous_51)","decl":{"start":{"line":419,"column":14},"end":{"line":419,"column":15}},"loc":{"start":{"line":419,"column":21},"end":{"line":421,"column":9}},"line":419},"52":{"name":"(anonymous_52)","decl":{"start":{"line":422,"column":15},"end":{"line":422,"column":16}},"loc":{"start":{"line":422,"column":24},"end":{"line":422,"column":40}},"line":422},"53":{"name":"(anonymous_53)","decl":{"start":{"line":432,"column":24},"end":{"line":432,"column":25}},"loc":{"start":{"line":432,"column":49},"end":{"line":481,"column":1}},"line":432},"54":{"name":"(anonymous_54)","decl":{"start":{"line":436,"column":23},"end":{"line":436,"column":24}},"loc":{"start":{"line":436,"column":49},"end":{"line":480,"column":5}},"line":436},"55":{"name":"(anonymous_55)","decl":{"start":{"line":439,"column":18},"end":{"line":439,"column":19}},"loc":{"start":{"line":439,"column":34},"end":{"line":447,"column":13}},"line":439},"56":{"name":"(anonymous_56)","decl":{"start":{"line":448,"column":18},"end":{"line":448,"column":19}},"loc":{"start":{"line":448,"column":45},"end":{"line":460,"column":13}},"line":448},"57":{"name":"(anonymous_57)","decl":{"start":{"line":461,"column":18},"end":{"line":461,"column":19}},"loc":{"start":{"line":461,"column":33},"end":{"line":472,"column":13}},"line":461},"58":{"name":"(anonymous_58)","decl":{"start":{"line":473,"column":18},"end":{"line":473,"column":19}},"loc":{"start":{"line":473,"column":25},"end":{"line":478,"column":13}},"line":473},"59":{"name":"(anonymous_59)","decl":{"start":{"line":479,"column":19},"end":{"line":479,"column":20}},"loc":{"start":{"line":479,"column":28},"end":{"line":479,"column":65}},"line":479},"60":{"name":"(anonymous_60)","decl":{"start":{"line":489,"column":36},"end":{"line":489,"column":37}},"loc":{"start":{"line":489,"column":63},"end":{"line":511,"column":1}},"line":489},"61":{"name":"(anonymous_61)","decl":{"start":{"line":490,"column":23},"end":{"line":490,"column":24}},"loc":{"start":{"line":490,"column":49},"end":{"line":510,"column":5}},"line":490},"62":{"name":"(anonymous_62)","decl":{"start":{"line":493,"column":18},"end":{"line":493,"column":19}},"loc":{"start":{"line":493,"column":28},"end":{"line":508,"column":13}},"line":493},"63":{"name":"(anonymous_63)","decl":{"start":{"line":509,"column":19},"end":{"line":509,"column":20}},"loc":{"start":{"line":509,"column":28},"end":{"line":509,"column":44}},"line":509},"64":{"name":"(anonymous_64)","decl":{"start":{"line":519,"column":24},"end":{"line":519,"column":25}},"loc":{"start":{"line":519,"column":42},"end":{"line":564,"column":1}},"line":519},"65":{"name":"(anonymous_65)","decl":{"start":{"line":521,"column":23},"end":{"line":521,"column":24}},"loc":{"start":{"line":521,"column":49},"end":{"line":563,"column":5}},"line":521},"66":{"name":"(anonymous_66)","decl":{"start":{"line":524,"column":18},"end":{"line":524,"column":19}},"loc":{"start":{"line":524,"column":28},"end":{"line":531,"column":13}},"line":524},"67":{"name":"(anonymous_67)","decl":{"start":{"line":532,"column":18},"end":{"line":532,"column":19}},"loc":{"start":{"line":532,"column":36},"end":{"line":538,"column":13}},"line":532},"68":{"name":"(anonymous_68)","decl":{"start":{"line":539,"column":18},"end":{"line":539,"column":19}},"loc":{"start":{"line":539,"column":33},"end":{"line":541,"column":13}},"line":539},"69":{"name":"(anonymous_69)","decl":{"start":{"line":542,"column":18},"end":{"line":542,"column":19}},"loc":{"start":{"line":542,"column":24},"end":{"line":550,"column":13}},"line":542},"70":{"name":"(anonymous_70)","decl":{"start":{"line":551,"column":18},"end":{"line":551,"column":19}},"loc":{"start":{"line":551,"column":41},"end":{"line":560,"column":13}},"line":551},"71":{"name":"(anonymous_71)","decl":{"start":{"line":561,"column":19},"end":{"line":561,"column":20}},"loc":{"start":{"line":561,"column":28},"end":{"line":561,"column":44}},"line":561},"72":{"name":"(anonymous_72)","decl":{"start":{"line":573,"column":24},"end":{"line":573,"column":25}},"loc":{"start":{"line":573,"column":46},"end":{"line":592,"column":1}},"line":573},"73":{"name":"(anonymous_73)","decl":{"start":{"line":575,"column":23},"end":{"line":575,"column":24}},"loc":{"start":{"line":575,"column":49},"end":{"line":591,"column":5}},"line":575},"74":{"name":"(anonymous_74)","decl":{"start":{"line":578,"column":18},"end":{"line":578,"column":19}},"loc":{"start":{"line":578,"column":24},"end":{"line":580,"column":13}},"line":578},"75":{"name":"(anonymous_75)","decl":{"start":{"line":581,"column":18},"end":{"line":581,"column":19}},"loc":{"start":{"line":581,"column":24},"end":{"line":583,"column":13}},"line":581},"76":{"name":"(anonymous_76)","decl":{"start":{"line":584,"column":18},"end":{"line":584,"column":19}},"loc":{"start":{"line":584,"column":24},"end":{"line":589,"column":13}},"line":584},"77":{"name":"(anonymous_77)","decl":{"start":{"line":590,"column":19},"end":{"line":590,"column":20}},"loc":{"start":{"line":590,"column":28},"end":{"line":590,"column":44}},"line":590},"78":{"name":"(anonymous_78)","decl":{"start":{"line":603,"column":28},"end":{"line":603,"column":29}},"loc":{"start":{"line":603,"column":55},"end":{"line":628,"column":1}},"line":603},"79":{"name":"(anonymous_79)","decl":{"start":{"line":613,"column":23},"end":{"line":613,"column":24}},"loc":{"start":{"line":613,"column":49},"end":{"line":627,"column":5}},"line":613},"80":{"name":"(anonymous_80)","decl":{"start":{"line":617,"column":18},"end":{"line":617,"column":19}},"loc":{"start":{"line":617,"column":43},"end":{"line":624,"column":13}},"line":617},"81":{"name":"(anonymous_81)","decl":{"start":{"line":625,"column":19},"end":{"line":625,"column":20}},"loc":{"start":{"line":625,"column":28},"end":{"line":625,"column":44}},"line":625}},"branchMap":{"0":{"loc":{"start":{"line":87,"column":8},"end":{"line":89,"column":9}},"type":"if","locations":[{"start":{"line":87,"column":8},"end":{"line":89,"column":9}},{"start":{"line":87,"column":8},"end":{"line":89,"column":9}}],"line":87},"1":{"loc":{"start":{"line":110,"column":16},"end":{"line":120,"column":17}},"type":"if","locations":[{"start":{"line":110,"column":16},"end":{"line":120,"column":17}},{"start":{"line":110,"column":16},"end":{"line":120,"column":17}}],"line":110},"2":{"loc":{"start":{"line":141,"column":8},"end":{"line":166,"column":9}},"type":"if","locations":[{"start":{"line":141,"column":8},"end":{"line":166,"column":9}},{"start":{"line":141,"column":8},"end":{"line":166,"column":9}}],"line":141},"3":{"loc":{"start":{"line":141,"column":12},"end":{"line":141,"column":69}},"type":"binary-expr","locations":[{"start":{"line":141,"column":12},"end":{"line":141,"column":30}},{"start":{"line":141,"column":34},"end":{"line":141,"column":69}}],"line":141},"4":{"loc":{"start":{"line":156,"column":20},"end":{"line":163,"column":21}},"type":"if","locations":[{"start":{"line":156,"column":20},"end":{"line":163,"column":21}},{"start":{"line":156,"column":20},"end":{"line":163,"column":21}}],"line":156},"5":{"loc":{"start":{"line":180,"column":16},"end":{"line":197,"column":17}},"type":"if","locations":[{"start":{"line":180,"column":16},"end":{"line":197,"column":17}},{"start":{"line":180,"column":16},"end":{"line":197,"column":17}}],"line":180},"6":{"loc":{"start":{"line":186,"column":23},"end":{"line":197,"column":17}},"type":"if","locations":[{"start":{"line":186,"column":23},"end":{"line":197,"column":17}},{"start":{"line":186,"column":23},"end":{"line":197,"column":17}}],"line":186},"7":{"loc":{"start":{"line":205,"column":30},"end":{"line":205,"column":63}},"type":"if","locations":[{"start":{"line":205,"column":30},"end":{"line":205,"column":63}},{"start":{"line":205,"column":30},"end":{"line":205,"column":63}}],"line":205},"8":{"loc":{"start":{"line":219,"column":16},"end":{"line":229,"column":17}},"type":"if","locations":[{"start":{"line":219,"column":16},"end":{"line":229,"column":17}},{"start":{"line":219,"column":16},"end":{"line":229,"column":17}}],"line":219},"9":{"loc":{"start":{"line":237,"column":30},"end":{"line":237,"column":63}},"type":"if","locations":[{"start":{"line":237,"column":30},"end":{"line":237,"column":63}},{"start":{"line":237,"column":30},"end":{"line":237,"column":63}}],"line":237},"10":{"loc":{"start":{"line":264,"column":8},"end":{"line":270,"column":9}},"type":"if","locations":[{"start":{"line":264,"column":8},"end":{"line":270,"column":9}},{"start":{"line":264,"column":8},"end":{"line":270,"column":9}}],"line":264},"11":{"loc":{"start":{"line":264,"column":12},"end":{"line":264,"column":44}},"type":"binary-expr","locations":[{"start":{"line":264,"column":12},"end":{"line":264,"column":21}},{"start":{"line":264,"column":25},"end":{"line":264,"column":34}},{"start":{"line":264,"column":38},"end":{"line":264,"column":44}}],"line":264},"12":{"loc":{"start":{"line":275,"column":16},"end":{"line":275,"column":75}},"type":"if","locations":[{"start":{"line":275,"column":16},"end":{"line":275,"column":75}},{"start":{"line":275,"column":16},"end":{"line":275,"column":75}}],"line":275},"13":{"loc":{"start":{"line":277,"column":16},"end":{"line":281,"column":17}},"type":"if","locations":[{"start":{"line":277,"column":16},"end":{"line":281,"column":17}},{"start":{"line":277,"column":16},"end":{"line":281,"column":17}}],"line":277},"14":{"loc":{"start":{"line":308,"column":16},"end":{"line":310,"column":17}},"type":"if","locations":[{"start":{"line":308,"column":16},"end":{"line":310,"column":17}},{"start":{"line":308,"column":16},"end":{"line":310,"column":17}}],"line":308},"15":{"loc":{"start":{"line":314,"column":16},"end":{"line":316,"column":17}},"type":"if","locations":[{"start":{"line":314,"column":16},"end":{"line":316,"column":17}},{"start":{"line":314,"column":16},"end":{"line":316,"column":17}}],"line":314},"16":{"loc":{"start":{"line":320,"column":16},"end":{"line":320,"column":49}},"type":"if","locations":[{"start":{"line":320,"column":16},"end":{"line":320,"column":49}},{"start":{"line":320,"column":16},"end":{"line":320,"column":49}}],"line":320},"17":{"loc":{"start":{"line":338,"column":4},"end":{"line":346,"column":5}},"type":"if","locations":[{"start":{"line":338,"column":4},"end":{"line":346,"column":5}},{"start":{"line":338,"column":4},"end":{"line":346,"column":5}}],"line":338},"18":{"loc":{"start":{"line":341,"column":8},"end":{"line":345,"column":9}},"type":"if","locations":[{"start":{"line":341,"column":8},"end":{"line":345,"column":9}},{"start":{"line":341,"column":8},"end":{"line":345,"column":9}}],"line":341},"19":{"loc":{"start":{"line":354,"column":16},"end":{"line":362,"column":17}},"type":"if","locations":[{"start":{"line":354,"column":16},"end":{"line":362,"column":17}},{"start":{"line":354,"column":16},"end":{"line":362,"column":17}}],"line":354},"20":{"loc":{"start":{"line":368,"column":20},"end":{"line":370,"column":21}},"type":"if","locations":[{"start":{"line":368,"column":20},"end":{"line":370,"column":21}},{"start":{"line":368,"column":20},"end":{"line":370,"column":21}}],"line":368},"21":{"loc":{"start":{"line":372,"column":16},"end":{"line":379,"column":17}},"type":"if","locations":[{"start":{"line":372,"column":16},"end":{"line":379,"column":17}},{"start":{"line":372,"column":16},"end":{"line":379,"column":17}}],"line":372},"22":{"loc":{"start":{"line":399,"column":16},"end":{"line":403,"column":17}},"type":"if","locations":[{"start":{"line":399,"column":16},"end":{"line":403,"column":17}},{"start":{"line":399,"column":16},"end":{"line":403,"column":17}}],"line":399},"23":{"loc":{"start":{"line":440,"column":16},"end":{"line":446,"column":17}},"type":"if","locations":[{"start":{"line":440,"column":16},"end":{"line":446,"column":17}},{"start":{"line":440,"column":16},"end":{"line":446,"column":17}}],"line":440},"24":{"loc":{"start":{"line":449,"column":16},"end":{"line":459,"column":17}},"type":"if","locations":[{"start":{"line":449,"column":16},"end":{"line":459,"column":17}},{"start":{"line":449,"column":16},"end":{"line":459,"column":17}}],"line":449},"25":{"loc":{"start":{"line":479,"column":30},"end":{"line":479,"column":63}},"type":"if","locations":[{"start":{"line":479,"column":30},"end":{"line":479,"column":63}},{"start":{"line":479,"column":30},"end":{"line":479,"column":63}}],"line":479},"26":{"loc":{"start":{"line":494,"column":16},"end":{"line":507,"column":17}},"type":"if","locations":[{"start":{"line":494,"column":16},"end":{"line":507,"column":17}},{"start":{"line":494,"column":16},"end":{"line":507,"column":17}}],"line":494},"27":{"loc":{"start":{"line":498,"column":23},"end":{"line":507,"column":17}},"type":"if","locations":[{"start":{"line":498,"column":23},"end":{"line":507,"column":17}},{"start":{"line":498,"column":23},"end":{"line":507,"column":17}}],"line":498},"28":{"loc":{"start":{"line":525,"column":16},"end":{"line":530,"column":17}},"type":"if","locations":[{"start":{"line":525,"column":16},"end":{"line":530,"column":17}},{"start":{"line":525,"column":16},"end":{"line":530,"column":17}}],"line":525},"29":{"loc":{"start":{"line":552,"column":16},"end":{"line":559,"column":17}},"type":"if","locations":[{"start":{"line":552,"column":16},"end":{"line":559,"column":17}},{"start":{"line":552,"column":16},"end":{"line":559,"column":17}}],"line":552},"30":{"loc":{"start":{"line":605,"column":4},"end":{"line":605,"column":62}},"type":"if","locations":[{"start":{"line":605,"column":4},"end":{"line":605,"column":62}},{"start":{"line":605,"column":4},"end":{"line":605,"column":62}}],"line":605},"31":{"loc":{"start":{"line":607,"column":4},"end":{"line":611,"column":5}},"type":"if","locations":[{"start":{"line":607,"column":4},"end":{"line":611,"column":5}},{"start":{"line":607,"column":4},"end":{"line":611,"column":5}}],"line":607}},"s":{"0":1,"1":1,"2":1,"3":1,"4":1,"5":1,"6":1,"7":1,"8":1,"9":1,"10":1,"11":0,"12":0,"13":0,"14":1,"15":1,"16":1,"17":1,"18":1,"19":1,"20":1,"21":1,"22":1,"23":3,"24":3,"25":108,"26":3,"27":1,"28":1,"29":1,"30":1,"31":1,"32":1,"33":1,"34":1,"35":1,"36":1,"37":0,"38":0,"39":1,"40":1,"41":0,"42":1,"43":1,"44":1,"45":1,"46":1,"47":0,"48":0,"49":1,"50":1,"51":0,"52":1,"53":1,"54":1,"55":0,"56":1,"57":1,"58":1,"59":0,"60":0,"61":1,"62":0,"63":0,"64":0,"65":0,"66":0,"67":0,"68":0,"69":0,"70":0,"71":0,"72":0,"73":0,"74":0,"75":0,"76":0,"77":0,"78":1,"79":0,"80":0,"81":0,"82":0,"83":0,"84":0,"85":0,"86":0,"87":0,"88":0,"89":0,"90":1,"91":1,"92":1,"93":1,"94":1,"95":1,"96":1,"97":1,"98":0,"99":0,"100":1,"101":1,"102":1,"103":0,"104":0,"105":0,"106":0,"107":0,"108":0,"109":1,"110":1,"111":1,"112":1,"113":1,"114":1,"115":1,"116":0,"117":1,"118":1,"119":1,"120":1,"121":0,"122":0,"123":1,"124":1,"125":1,"126":0,"127":1,"128":0,"129":1,"130":1,"131":1,"132":1,"133":1,"134":1,"135":0,"136":1,"137":1,"138":1,"139":1,"140":1,"141":8,"142":0,"143":0,"144":1,"145":1,"146":0,"147":1,"148":0,"149":1,"150":0,"151":0,"152":0,"153":0,"154":0,"155":0,"156":1,"157":0,"158":0,"159":0,"160":0,"161":1,"162":0,"163":0,"164":0,"165":0,"166":0,"167":0,"168":0,"169":0,"170":0,"171":0,"172":0,"173":0,"174":0,"175":0,"176":0,"177":0,"178":0,"179":0,"180":1,"181":0,"182":0,"183":0,"184":0,"185":0,"186":0,"187":0,"188":0,"189":1,"190":0,"191":0,"192":0,"193":0,"194":0,"195":0,"196":0,"197":0,"198":0,"199":0,"200":0,"201":0,"202":0,"203":0,"204":0,"205":0,"206":0,"207":0,"208":1,"209":0,"210":0,"211":0,"212":0,"213":0,"214":0,"215":1,"216":0,"217":0,"218":0,"219":0,"220":0,"221":0,"222":0,"223":0,"224":0,"225":0,"226":0,"227":0},"f":{"0":0,"1":0,"2":1,"3":1,"4":1,"5":3,"6":1,"7":1,"8":1,"9":0,"10":1,"11":1,"12":1,"13":1,"14":0,"15":1,"16":1,"17":1,"18":0,"19":0,"20":0,"21":0,"22":0,"23":0,"24":0,"25":0,"26":0,"27":0,"28":0,"29":0,"30":1,"31":1,"32":1,"33":1,"34":1,"35":1,"36":1,"37":1,"38":0,"39":1,"40":1,"41":1,"42":1,"43":1,"44":0,"45":0,"46":0,"47":0,"48":0,"49":0,"50":0,"51":0,"52":0,"53":0,"54":0,"55":0,"56":0,"57":0,"58":0,"59":0,"60":0,"61":0,"62":0,"63":0,"64":0,"65":0,"66":0,"67":0,"68":0,"69":0,"70":0,"71":0,"72":0,"73":0,"74":0,"75":0,"76":0,"77":0,"78":0,"79":0,"80":0,"81":0},"b":{"0":[1,0],"1":[0,1],"2":[0,1],"3":[1,1],"4":[1,0],"5":[0,0],"6":[0,0],"7":[0,0],"8":[0,0],"9":[0,0],"10":[0,1],"11":[1,1,1],"12":[1,0],"13":[0,0],"14":[0,1],"15":[1,0],"16":[0,0],"17":[0,1],"18":[0,1],"19":[0,1],"20":[0,8],"21":[1,0],"22":[0,0],"23":[0,0],"24":[0,0],"25":[0,0],"26":[0,0],"27":[0,0],"28":[0,0],"29":[0,0],"30":[0,0],"31":[0,0]},"_coverageSchema":"43e27e138ebf9cfc5966b082cf9a028302ed4184","hash":"1e2aed28591fb4892ce06165152db9a610228e88","contentHash":"ce217c7ff5327d8d498879c01032e472"},"/Users/dchege711/study_buddy/models/mongoose_models/Token.js":{"path":"/Users/dchege711/study_buddy/models/mongoose_models/Token.js","statementMap":{"0":{"start":{"line":6,"column":15},"end":{"line":6,"column":34}},"1":{"start":{"line":8,"column":18},"end":{"line":25,"column":1}},"2":{"start":{"line":27,"column":0},"end":{"line":27,"column":54}}},"fnMap":{},"branchMap":{},"s":{"0":1,"1":1,"2":1},"f":{},"b":{},"_coverageSchema":"43e27e138ebf9cfc5966b082cf9a028302ed4184","hash":"a5f1042761698948efac76fc63c40675b2201847","contentHash":"cec749268d4f1580d979ba804f99e170"},"/Users/dchege711/study_buddy/models/EmailClient.js":{"path":"/Users/dchege711/study_buddy/models/EmailClient.js","statementMap":{"0":{"start":{"line":1,"column":19},"end":{"line":1,"column":40}},"1":{"start":{"line":2,"column":13},"end":{"line":2,"column":36}},"2":{"start":{"line":4,"column":18},"end":{"line":13,"column":2}},"3":{"start":{"line":24,"column":0},"end":{"line":33,"column":2}},"4":{"start":{"line":25,"column":4},"end":{"line":25,"column":70}},"5":{"start":{"line":26,"column":4},"end":{"line":32,"column":7}},"6":{"start":{"line":27,"column":8},"end":{"line":31,"column":42}},"7":{"start":{"line":29,"column":12},"end":{"line":29,"column":65}},"8":{"start":{"line":31,"column":26},"end":{"line":31,"column":38}},"9":{"start":{"line":38,"column":0},"end":{"line":40,"column":2}},"10":{"start":{"line":39,"column":4},"end":{"line":39,"column":24}},"11":{"start":{"line":43,"column":0},"end":{"line":45,"column":3}},"12":{"start":{"line":44,"column":4},"end":{"line":44,"column":20}}},"fnMap":{"0":{"name":"(anonymous_0)","decl":{"start":{"line":24,"column":20},"end":{"line":24,"column":21}},"loc":{"start":{"line":24,"column":42},"end":{"line":33,"column":1}},"line":24},"1":{"name":"(anonymous_1)","decl":{"start":{"line":26,"column":23},"end":{"line":26,"column":24}},"loc":{"start":{"line":26,"column":49},"end":{"line":32,"column":5}},"line":26},"2":{"name":"(anonymous_2)","decl":{"start":{"line":28,"column":14},"end":{"line":28,"column":15}},"loc":{"start":{"line":28,"column":24},"end":{"line":30,"column":9}},"line":28},"3":{"name":"(anonymous_3)","decl":{"start":{"line":31,"column":15},"end":{"line":31,"column":16}},"loc":{"start":{"line":31,"column":24},"end":{"line":31,"column":40}},"line":31},"4":{"name":"(anonymous_4)","decl":{"start":{"line":38,"column":16},"end":{"line":38,"column":17}},"loc":{"start":{"line":38,"column":27},"end":{"line":40,"column":1}},"line":38},"5":{"name":"(anonymous_5)","decl":{"start":{"line":43,"column":21},"end":{"line":43,"column":22}},"loc":{"start":{"line":43,"column":33},"end":{"line":45,"column":1}},"line":43}},"branchMap":{},"s":{"0":1,"1":1,"2":1,"3":1,"4":1,"5":1,"6":1,"7":1,"8":0,"9":1,"10":1,"11":1,"12":1},"f":{"0":1,"1":1,"2":1,"3":0,"4":1,"5":1},"b":{},"_coverageSchema":"43e27e138ebf9cfc5966b082cf9a028302ed4184","hash":"c2a50b0c39f8bdc6f52777770c27654f117b1b60","contentHash":"b2b89d23c75d70687435cc378c3be30e"}}